{"numFailedTestSuites":0,"numFailedTests":0,"numPassedTestSuites":4,"numPassedTests":10,"numPendingTestSuites":0,"numPendingTests":0,"numRuntimeErrorTestSuites":0,"numTodoTests":0,"numTotalTestSuites":4,"numTotalTests":10,"openHandles":[],"snapshot":{"added":0,"didUpdate":false,"failure":false,"filesAdded":0,"filesRemoved":0,"filesRemovedList":[],"filesUnmatched":0,"filesUpdated":0,"matched":0,"total":0,"unchecked":0,"uncheckedKeysByFile":[],"unmatched":0,"updated":0},"startTime":1771325167824,"success":true,"testResults":[{"assertionResults":[{"ancestorTitles":["Home Screen"],"duration":65,"failureDetails":[],"failureMessages":[],"fullName":"Home Screen renders Home screen correctly","invocations":1,"location":null,"numPassingAsserts":1,"retryReasons":[],"status":"passed","title":"renders Home screen correctly"},{"ancestorTitles":["Home Screen"],"duration":7,"failureDetails":[],"failureMessages":[],"fullName":"Home Screen dispatches getMoviesData on mount","invocations":1,"location":null,"numPassingAsserts":1,"retryReasons":[],"status":"passed","title":"dispatches getMoviesData on mount"},{"ancestorTitles":["Home Screen"],"duration":7,"failureDetails":[],"failureMessages":[],"fullName":"Home Screen displays movies in FlatList","invocations":1,"location":null,"numPassingAsserts":3,"retryReasons":[],"status":"passed","title":"displays movies in FlatList"},{"ancestorTitles":["Home Screen"],"duration":6,"failureDetails":[],"failureMessages":[],"fullName":"Home Screen navigates to details when movie is pressed","invocations":1,"location":null,"numPassingAsserts":1,"retryReasons":[],"status":"passed","title":"navigates to details when movie is pressed"}],"endTime":1771325168541,"message":"","name":"/Users/ronak.kotak/Documents/RonakKotakProjects/Projects/ReactNativeProjects/DemoProjects/BoilerPlate/NewGitRepoCode/reactnative-boilerplate-typescript/__tests__/Home.test.tsx","startTime":1771325167913,"status":"passed","summary":""},{"assertionResults":[{"ancestorTitles":["DetailsScreen"],"duration":41,"failureDetails":[],"failureMessages":[],"fullName":"DetailsScreen renders DetailsScreen correctly","invocations":1,"location":null,"numPassingAsserts":7,"retryReasons":[],"status":"passed","title":"renders DetailsScreen correctly"},{"ancestorTitles":["DetailsScreen"],"duration":22,"failureDetails":[],"failureMessages":[],"fullName":"DetailsScreen calls goBack when button is pressed","invocations":1,"location":null,"numPassingAsserts":1,"retryReasons":[],"status":"passed","title":"calls goBack when button is pressed"}],"endTime":1771325168773,"message":"","name":"/Users/ronak.kotak/Documents/RonakKotakProjects/Projects/ReactNativeProjects/DemoProjects/BoilerPlate/NewGitRepoCode/reactnative-boilerplate-typescript/__tests__/DetailsScreen.test.tsx","startTime":1771325168549,"status":"passed","summary":""},{"assertionResults":[{"ancestorTitles":["Login Screen"],"duration":11,"failureDetails":[],"failureMessages":[],"fullName":"Login Screen renders login screen correctly","invocations":1,"location":null,"numPassingAsserts":3,"retryReasons":[],"status":"passed","title":"renders login screen correctly"},{"ancestorTitles":["Login Screen"],"duration":5,"failureDetails":[],"failureMessages":[],"fullName":"Login Screen allows user to enter username and password","invocations":1,"location":null,"numPassingAsserts":2,"retryReasons":[],"status":"passed","title":"allows user to enter username and password"},{"ancestorTitles":["Login Screen"],"duration":5,"failureDetails":[],"failureMessages":[],"fullName":"Login Screen triggers login button press","invocations":1,"location":null,"numPassingAsserts":1,"retryReasons":[],"status":"passed","title":"triggers login button press"}],"endTime":1771325168926,"message":"","name":"/Users/ronak.kotak/Documents/RonakKotakProjects/Projects/ReactNativeProjects/DemoProjects/BoilerPlate/NewGitRepoCode/reactnative-boilerplate-typescript/__tests__/Login.test.tsx","startTime":1771325168788,"status":"passed","summary":""},{"assertionResults":[{"ancestorTitles":[],"duration":5,"failureDetails":[],"failureMessages":[],"fullName":"renders correctly","invocations":1,"location":null,"numPassingAsserts":0,"retryReasons":[],"status":"passed","title":"renders correctly"}],"endTime":1771325169053,"message":"","name":"/Users/ronak.kotak/Documents/RonakKotakProjects/Projects/ReactNativeProjects/DemoProjects/BoilerPlate/NewGitRepoCode/reactnative-boilerplate-typescript/__tests__/App.test.tsx","startTime":1771325168945,"status":"passed","summary":""}],"wasInterrupted":false,"coverageMap":{"/Users/ronak.kotak/Documents/RonakKotakProjects/Projects/ReactNativeProjects/DemoProjects/BoilerPlate/NewGitRepoCode/reactnative-boilerplate-typescript/src/navigators/routes.ts":{"path":"/Users/ronak.kotak/Documents/RonakKotakProjects/Projects/ReactNativeProjects/DemoProjects/BoilerPlate/NewGitRepoCode/reactnative-boilerplate-typescript/src/navigators/routes.ts","statementMap":{},"fnMap":{},"branchMap":{},"s":{},"f":{},"b":{},"_coverageSchema":"1a1c01bbd47fc00a2c39e90264f33305004495a9","hash":"c5670181c48559bdc2b65c660d21c25c4d382ec2"},"/Users/ronak.kotak/Documents/RonakKotakProjects/Projects/ReactNativeProjects/DemoProjects/BoilerPlate/NewGitRepoCode/reactnative-boilerplate-typescript/src/screens/ErrorScreen/ErrorScreen.tsx":{"path":"/Users/ronak.kotak/Documents/RonakKotakProjects/Projects/ReactNativeProjects/DemoProjects/BoilerPlate/NewGitRepoCode/reactnative-boilerplate-typescript/src/screens/ErrorScreen/ErrorScreen.tsx","statementMap":{"0":{"start":{"line":4,"column":20},"end":{"line":10,"column":1}},"1":{"start":{"line":5,"column":2},"end":{"line":9,"column":4}}},"fnMap":{"0":{"name":"(anonymous_0)","decl":{"start":{"line":4,"column":20},"end":{"line":4,"column":21}},"loc":{"start":{"line":4,"column":26},"end":{"line":10,"column":1}},"line":4}},"branchMap":{},"s":{"0":4,"1":0},"f":{"0":0},"b":{},"_coverageSchema":"1a1c01bbd47fc00a2c39e90264f33305004495a9","hash":"c2ea9f6be89133c0f1a6a697d91dc5ef29ace34d"},"/Users/ronak.kotak/Documents/RonakKotakProjects/Projects/ReactNativeProjects/DemoProjects/BoilerPlate/NewGitRepoCode/reactnative-boilerplate-typescript/src/components/ErrorHandler.tsx":{"path":"/Users/ronak.kotak/Documents/RonakKotakProjects/Projects/ReactNativeProjects/DemoProjects/BoilerPlate/NewGitRepoCode/reactnative-boilerplate-typescript/src/components/ErrorHandler.tsx","statementMap":{"0":{"start":{"line":6,"column":21},"end":{"line":31,"column":1}},"1":{"start":{"line":7,"column":19},"end":{"line":7,"column":37}},"2":{"start":{"line":9,"column":23},"end":{"line":18,"column":3}},"3":{"start":{"line":10,"column":4},"end":{"line":17,"column":5}},"4":{"start":{"line":11,"column":6},"end":{"line":13,"column":7}},"5":{"start":{"line":12,"column":8},"end":{"line":12,"column":33}},"6":{"start":{"line":14,"column":6},"end":{"line":14,"column":65}},"7":{"start":{"line":16,"column":6},"end":{"line":16,"column":65}},"8":{"start":{"line":21,"column":4},"end":{"line":21,"column":52}},"9":{"start":{"line":23,"column":2},"end":{"line":30,"column":4}}},"fnMap":{"0":{"name":"(anonymous_0)","decl":{"start":{"line":6,"column":21},"end":{"line":6,"column":22}},"loc":{"start":{"line":6,"column":39},"end":{"line":31,"column":1}},"line":6},"1":{"name":"(anonymous_1)","decl":{"start":{"line":9,"column":23},"end":{"line":9,"column":24}},"loc":{"start":{"line":9,"column":34},"end":{"line":18,"column":3}},"line":9},"2":{"name":"renderErrorScreen","decl":{"start":{"line":20,"column":11},"end":{"line":20,"column":28}},"loc":{"start":{"line":20,"column":31},"end":{"line":22,"column":3}},"line":20}},"branchMap":{"0":{"loc":{"start":{"line":11,"column":6},"end":{"line":13,"column":7}},"type":"if","locations":[{"start":{"line":11,"column":6},"end":{"line":13,"column":7}},{"start":{},"end":{}}],"line":11}},"s":{"0":4,"1":0,"2":0,"3":0,"4":0,"5":0,"6":0,"7":0,"8":0,"9":0},"f":{"0":0,"1":0,"2":0},"b":{"0":[0,0]},"_coverageSchema":"1a1c01bbd47fc00a2c39e90264f33305004495a9","hash":"49bf850fc61ee8072c7982c7f87ef497034baaf0"},"/Users/ronak.kotak/Documents/RonakKotakProjects/Projects/ReactNativeProjects/DemoProjects/BoilerPlate/NewGitRepoCode/reactnative-boilerplate-typescript/src/components/Flatlist.tsx":{"path":"/Users/ronak.kotak/Documents/RonakKotakProjects/Projects/ReactNativeProjects/DemoProjects/BoilerPlate/NewGitRepoCode/reactnative-boilerplate-typescript/src/components/Flatlist.tsx","statementMap":{"0":{"start":{"line":6,"column":17},"end":{"line":13,"column":1}},"1":{"start":{"line":7,"column":2},"end":{"line":12,"column":4}}},"fnMap":{"0":{"name":"(anonymous_0)","decl":{"start":{"line":6,"column":17},"end":{"line":6,"column":18}},"loc":{"start":{"line":6,"column":44},"end":{"line":13,"column":1}},"line":6}},"branchMap":{},"s":{"0":4,"1":0},"f":{"0":0},"b":{},"_coverageSchema":"1a1c01bbd47fc00a2c39e90264f33305004495a9","hash":"4bc26513b88e9568921ea690bb3e7b6c2735eaf1"},"/Users/ronak.kotak/Documents/RonakKotakProjects/Projects/ReactNativeProjects/DemoProjects/BoilerPlate/NewGitRepoCode/reactnative-boilerplate-typescript/src/utils/ImageConstants.ts":{"path":"/Users/ronak.kotak/Documents/RonakKotakProjects/Projects/ReactNativeProjects/DemoProjects/BoilerPlate/NewGitRepoCode/reactnative-boilerplate-typescript/src/utils/ImageConstants.ts","statementMap":{"0":{"start":{"line":2,"column":23},"end":{"line":5,"column":1}}},"fnMap":{},"branchMap":{},"s":{"0":4},"f":{},"b":{},"_coverageSchema":"1a1c01bbd47fc00a2c39e90264f33305004495a9","hash":"84f0f1d85400cc74b05a67f592bc49de8c100b82"},"/Users/ronak.kotak/Documents/RonakKotakProjects/Projects/ReactNativeProjects/DemoProjects/BoilerPlate/NewGitRepoCode/reactnative-boilerplate-typescript/src/utils/Dimensions.ts":{"path":"/Users/ronak.kotak/Documents/RonakKotakProjects/Projects/ReactNativeProjects/DemoProjects/BoilerPlate/NewGitRepoCode/reactnative-boilerplate-typescript/src/utils/Dimensions.ts","statementMap":{"0":{"start":{"line":3,"column":20},"end":{"line":3,"column":50}},"1":{"start":{"line":4,"column":21},"end":{"line":4,"column":52}},"2":{"start":{"line":5,"column":14},"end":{"line":5,"column":31}},"3":{"start":{"line":7,"column":28},"end":{"line":10,"column":1}},"4":{"start":{"line":8,"column":20},"end":{"line":8,"column":44}},"5":{"start":{"line":9,"column":2},"end":{"line":9,"column":73}},"6":{"start":{"line":12,"column":29},"end":{"line":15,"column":1}},"7":{"start":{"line":13,"column":21},"end":{"line":13,"column":46}},"8":{"start":{"line":14,"column":2},"end":{"line":14,"column":75}},"9":{"start":{"line":17,"column":18},"end":{"line":20,"column":1}},"10":{"start":{"line":18,"column":18},"end":{"line":18,"column":30}},"11":{"start":{"line":19,"column":2},"end":{"line":19,"column":61}},"12":{"start":{"line":22,"column":14},"end":{"line":22,"column":34}},"13":{"start":{"line":23,"column":18},"end":{"line":23,"column":42}},"14":{"start":{"line":25,"column":27},"end":{"line":25,"column":65}},"15":{"start":{"line":26,"column":28},"end":{"line":26,"column":66}},"16":{"start":{"line":29,"column":2},"end":{"line":29,"column":88}},"17":{"start":{"line":31,"column":21},"end":{"line":31,"column":83}},"18":{"start":{"line":31,"column":39},"end":{"line":31,"column":83}},"19":{"start":{"line":32,"column":22},"end":{"line":32,"column":84}},"20":{"start":{"line":32,"column":40},"end":{"line":32,"column":84}},"21":{"start":{"line":33,"column":22},"end":{"line":33,"column":97}},"22":{"start":{"line":33,"column":54},"end":{"line":33,"column":97}}},"fnMap":{"0":{"name":"(anonymous_0)","decl":{"start":{"line":7,"column":28},"end":{"line":7,"column":29}},"loc":{"start":{"line":7,"column":62},"end":{"line":10,"column":1}},"line":7},"1":{"name":"(anonymous_1)","decl":{"start":{"line":12,"column":29},"end":{"line":12,"column":30}},"loc":{"start":{"line":12,"column":64},"end":{"line":15,"column":1}},"line":12},"2":{"name":"(anonymous_2)","decl":{"start":{"line":17,"column":18},"end":{"line":17,"column":19}},"loc":{"start":{"line":17,"column":44},"end":{"line":20,"column":1}},"line":17},"3":{"name":"(anonymous_3)","decl":{"start":{"line":31,"column":21},"end":{"line":31,"column":22}},"loc":{"start":{"line":31,"column":39},"end":{"line":31,"column":83}},"line":31},"4":{"name":"(anonymous_4)","decl":{"start":{"line":32,"column":22},"end":{"line":32,"column":23}},"loc":{"start":{"line":32,"column":40},"end":{"line":32,"column":84}},"line":32},"5":{"name":"(anonymous_5)","decl":{"start":{"line":33,"column":22},"end":{"line":33,"column":23}},"loc":{"start":{"line":33,"column":54},"end":{"line":33,"column":97}},"line":33}},"branchMap":{"0":{"loc":{"start":{"line":25,"column":27},"end":{"line":25,"column":65}},"type":"cond-expr","locations":[{"start":{"line":25,"column":56},"end":{"line":25,"column":59}},{"start":{"line":25,"column":62},"end":{"line":25,"column":65}}],"line":25},"1":{"loc":{"start":{"line":26,"column":28},"end":{"line":26,"column":66}},"type":"cond-expr","locations":[{"start":{"line":26,"column":57},"end":{"line":26,"column":60}},{"start":{"line":26,"column":63},"end":{"line":26,"column":66}}],"line":26},"2":{"loc":{"start":{"line":29,"column":2},"end":{"line":29,"column":88}},"type":"cond-expr","locations":[{"start":{"line":29,"column":31},"end":{"line":29,"column":58}},{"start":{"line":29,"column":61},"end":{"line":29,"column":88}}],"line":29},"3":{"loc":{"start":{"line":33,"column":37},"end":{"line":33,"column":49}},"type":"default-arg","locations":[{"start":{"line":33,"column":46},"end":{"line":33,"column":49}}],"line":33}},"s":{"0":4,"1":4,"2":4,"3":4,"4":0,"5":0,"6":4,"7":0,"8":0,"9":4,"10":200,"11":200,"12":4,"13":4,"14":4,"15":4,"16":4,"17":4,"18":200,"19":4,"20":200,"21":4,"22":200},"f":{"0":0,"1":0,"2":200,"3":200,"4":200,"5":200},"b":{"0":[0,4],"1":[0,4],"2":[4,0],"3":[200]},"_coverageSchema":"1a1c01bbd47fc00a2c39e90264f33305004495a9","hash":"23689f4f8bf3575ac8081722a838413f63ab16c9"},"/Users/ronak.kotak/Documents/RonakKotakProjects/Projects/ReactNativeProjects/DemoProjects/BoilerPlate/NewGitRepoCode/reactnative-boilerplate-typescript/src/utils/SizeUtility.ts":{"path":"/Users/ronak.kotak/Documents/RonakKotakProjects/Projects/ReactNativeProjects/DemoProjects/BoilerPlate/NewGitRepoCode/reactnative-boilerplate-typescript/src/utils/SizeUtility.ts","statementMap":{"0":{"start":{"line":51,"column":19},"end":{"line":51,"column":31}},"1":{"start":{"line":52,"column":19},"end":{"line":52,"column":31}},"2":{"start":{"line":53,"column":19},"end":{"line":53,"column":31}},"3":{"start":{"line":54,"column":19},"end":{"line":54,"column":31}},"4":{"start":{"line":55,"column":19},"end":{"line":55,"column":31}},"5":{"start":{"line":56,"column":19},"end":{"line":56,"column":31}},"6":{"start":{"line":57,"column":19},"end":{"line":57,"column":31}},"7":{"start":{"line":58,"column":19},"end":{"line":58,"column":31}},"8":{"start":{"line":59,"column":19},"end":{"line":59,"column":31}},"9":{"start":{"line":60,"column":20},"end":{"line":60,"column":33}},"10":{"start":{"line":61,"column":20},"end":{"line":61,"column":33}},"11":{"start":{"line":62,"column":20},"end":{"line":62,"column":33}},"12":{"start":{"line":63,"column":20},"end":{"line":63,"column":33}},"13":{"start":{"line":64,"column":20},"end":{"line":64,"column":33}},"14":{"start":{"line":65,"column":20},"end":{"line":65,"column":33}},"15":{"start":{"line":66,"column":20},"end":{"line":66,"column":33}},"16":{"start":{"line":67,"column":20},"end":{"line":67,"column":33}},"17":{"start":{"line":68,"column":20},"end":{"line":68,"column":33}},"18":{"start":{"line":69,"column":20},"end":{"line":69,"column":33}},"19":{"start":{"line":70,"column":20},"end":{"line":70,"column":33}},"20":{"start":{"line":71,"column":20},"end":{"line":71,"column":33}},"21":{"start":{"line":72,"column":20},"end":{"line":72,"column":33}},"22":{"start":{"line":73,"column":20},"end":{"line":73,"column":33}},"23":{"start":{"line":74,"column":20},"end":{"line":74,"column":33}},"24":{"start":{"line":75,"column":20},"end":{"line":75,"column":33}},"25":{"start":{"line":76,"column":20},"end":{"line":76,"column":33}},"26":{"start":{"line":77,"column":20},"end":{"line":77,"column":33}},"27":{"start":{"line":78,"column":20},"end":{"line":78,"column":33}},"28":{"start":{"line":79,"column":20},"end":{"line":79,"column":33}},"29":{"start":{"line":80,"column":20},"end":{"line":80,"column":33}},"30":{"start":{"line":81,"column":20},"end":{"line":81,"column":33}},"31":{"start":{"line":82,"column":20},"end":{"line":82,"column":33}},"32":{"start":{"line":83,"column":20},"end":{"line":83,"column":33}},"33":{"start":{"line":84,"column":20},"end":{"line":84,"column":33}},"34":{"start":{"line":85,"column":20},"end":{"line":85,"column":33}},"35":{"start":{"line":86,"column":20},"end":{"line":86,"column":33}},"36":{"start":{"line":87,"column":20},"end":{"line":87,"column":33}},"37":{"start":{"line":88,"column":20},"end":{"line":88,"column":33}},"38":{"start":{"line":89,"column":20},"end":{"line":89,"column":33}},"39":{"start":{"line":90,"column":20},"end":{"line":90,"column":33}},"40":{"start":{"line":91,"column":20},"end":{"line":91,"column":33}},"41":{"start":{"line":92,"column":20},"end":{"line":92,"column":33}},"42":{"start":{"line":93,"column":20},"end":{"line":93,"column":33}},"43":{"start":{"line":94,"column":20},"end":{"line":94,"column":33}},"44":{"start":{"line":95,"column":20},"end":{"line":95,"column":33}},"45":{"start":{"line":96,"column":20},"end":{"line":96,"column":33}},"46":{"start":{"line":97,"column":20},"end":{"line":97,"column":33}},"47":{"start":{"line":98,"column":20},"end":{"line":98,"column":33}},"48":{"start":{"line":99,"column":20},"end":{"line":99,"column":33}},"49":{"start":{"line":100,"column":20},"end":{"line":100,"column":33}},"50":{"start":{"line":113,"column":19},"end":{"line":113,"column":35}},"51":{"start":{"line":114,"column":19},"end":{"line":114,"column":35}},"52":{"start":{"line":115,"column":19},"end":{"line":115,"column":35}},"53":{"start":{"line":116,"column":19},"end":{"line":116,"column":35}},"54":{"start":{"line":117,"column":19},"end":{"line":117,"column":35}},"55":{"start":{"line":118,"column":19},"end":{"line":118,"column":35}},"56":{"start":{"line":119,"column":19},"end":{"line":119,"column":35}},"57":{"start":{"line":120,"column":19},"end":{"line":120,"column":35}},"58":{"start":{"line":121,"column":19},"end":{"line":121,"column":35}},"59":{"start":{"line":122,"column":20},"end":{"line":122,"column":37}},"60":{"start":{"line":123,"column":20},"end":{"line":123,"column":37}},"61":{"start":{"line":124,"column":20},"end":{"line":124,"column":37}},"62":{"start":{"line":125,"column":20},"end":{"line":125,"column":37}},"63":{"start":{"line":126,"column":20},"end":{"line":126,"column":37}},"64":{"start":{"line":127,"column":20},"end":{"line":127,"column":37}},"65":{"start":{"line":128,"column":20},"end":{"line":128,"column":37}},"66":{"start":{"line":129,"column":20},"end":{"line":129,"column":37}},"67":{"start":{"line":130,"column":20},"end":{"line":130,"column":37}},"68":{"start":{"line":131,"column":20},"end":{"line":131,"column":37}},"69":{"start":{"line":132,"column":20},"end":{"line":132,"column":37}},"70":{"start":{"line":133,"column":20},"end":{"line":133,"column":37}},"71":{"start":{"line":134,"column":20},"end":{"line":134,"column":37}},"72":{"start":{"line":135,"column":20},"end":{"line":135,"column":37}},"73":{"start":{"line":136,"column":20},"end":{"line":136,"column":37}},"74":{"start":{"line":137,"column":20},"end":{"line":137,"column":37}},"75":{"start":{"line":138,"column":20},"end":{"line":138,"column":37}},"76":{"start":{"line":139,"column":20},"end":{"line":139,"column":37}},"77":{"start":{"line":140,"column":20},"end":{"line":140,"column":37}},"78":{"start":{"line":141,"column":20},"end":{"line":141,"column":37}},"79":{"start":{"line":142,"column":20},"end":{"line":142,"column":37}},"80":{"start":{"line":143,"column":20},"end":{"line":143,"column":37}},"81":{"start":{"line":144,"column":20},"end":{"line":144,"column":37}},"82":{"start":{"line":145,"column":20},"end":{"line":145,"column":37}},"83":{"start":{"line":146,"column":20},"end":{"line":146,"column":37}},"84":{"start":{"line":147,"column":20},"end":{"line":147,"column":37}},"85":{"start":{"line":148,"column":20},"end":{"line":148,"column":37}},"86":{"start":{"line":149,"column":20},"end":{"line":149,"column":37}},"87":{"start":{"line":150,"column":20},"end":{"line":150,"column":37}},"88":{"start":{"line":151,"column":20},"end":{"line":151,"column":37}},"89":{"start":{"line":152,"column":20},"end":{"line":152,"column":37}},"90":{"start":{"line":153,"column":20},"end":{"line":153,"column":37}},"91":{"start":{"line":154,"column":20},"end":{"line":154,"column":37}},"92":{"start":{"line":155,"column":20},"end":{"line":155,"column":37}},"93":{"start":{"line":156,"column":20},"end":{"line":156,"column":37}},"94":{"start":{"line":157,"column":20},"end":{"line":157,"column":37}},"95":{"start":{"line":158,"column":20},"end":{"line":158,"column":37}},"96":{"start":{"line":159,"column":20},"end":{"line":159,"column":37}},"97":{"start":{"line":160,"column":20},"end":{"line":160,"column":37}},"98":{"start":{"line":161,"column":20},"end":{"line":161,"column":37}},"99":{"start":{"line":162,"column":20},"end":{"line":162,"column":37}},"100":{"start":{"line":174,"column":19},"end":{"line":174,"column":35}},"101":{"start":{"line":175,"column":19},"end":{"line":175,"column":35}},"102":{"start":{"line":176,"column":19},"end":{"line":176,"column":35}},"103":{"start":{"line":177,"column":19},"end":{"line":177,"column":35}},"104":{"start":{"line":178,"column":19},"end":{"line":178,"column":35}},"105":{"start":{"line":179,"column":19},"end":{"line":179,"column":35}},"106":{"start":{"line":180,"column":19},"end":{"line":180,"column":35}},"107":{"start":{"line":181,"column":19},"end":{"line":181,"column":35}},"108":{"start":{"line":182,"column":19},"end":{"line":182,"column":35}},"109":{"start":{"line":183,"column":20},"end":{"line":183,"column":37}},"110":{"start":{"line":184,"column":20},"end":{"line":184,"column":37}},"111":{"start":{"line":185,"column":20},"end":{"line":185,"column":37}},"112":{"start":{"line":186,"column":20},"end":{"line":186,"column":37}},"113":{"start":{"line":187,"column":20},"end":{"line":187,"column":37}},"114":{"start":{"line":188,"column":20},"end":{"line":188,"column":37}},"115":{"start":{"line":189,"column":20},"end":{"line":189,"column":37}},"116":{"start":{"line":190,"column":20},"end":{"line":190,"column":37}},"117":{"start":{"line":191,"column":20},"end":{"line":191,"column":37}},"118":{"start":{"line":192,"column":20},"end":{"line":192,"column":37}},"119":{"start":{"line":193,"column":20},"end":{"line":193,"column":37}},"120":{"start":{"line":194,"column":20},"end":{"line":194,"column":37}},"121":{"start":{"line":195,"column":20},"end":{"line":195,"column":37}},"122":{"start":{"line":196,"column":20},"end":{"line":196,"column":37}},"123":{"start":{"line":197,"column":20},"end":{"line":197,"column":37}},"124":{"start":{"line":198,"column":20},"end":{"line":198,"column":37}},"125":{"start":{"line":199,"column":20},"end":{"line":199,"column":37}},"126":{"start":{"line":200,"column":20},"end":{"line":200,"column":37}},"127":{"start":{"line":201,"column":20},"end":{"line":201,"column":37}},"128":{"start":{"line":202,"column":20},"end":{"line":202,"column":37}},"129":{"start":{"line":203,"column":20},"end":{"line":203,"column":37}},"130":{"start":{"line":204,"column":20},"end":{"line":204,"column":37}},"131":{"start":{"line":205,"column":20},"end":{"line":205,"column":37}},"132":{"start":{"line":206,"column":20},"end":{"line":206,"column":37}},"133":{"start":{"line":207,"column":20},"end":{"line":207,"column":37}},"134":{"start":{"line":208,"column":20},"end":{"line":208,"column":37}},"135":{"start":{"line":209,"column":20},"end":{"line":209,"column":37}},"136":{"start":{"line":210,"column":20},"end":{"line":210,"column":37}},"137":{"start":{"line":211,"column":20},"end":{"line":211,"column":37}},"138":{"start":{"line":212,"column":20},"end":{"line":212,"column":37}},"139":{"start":{"line":213,"column":20},"end":{"line":213,"column":37}},"140":{"start":{"line":214,"column":20},"end":{"line":214,"column":37}},"141":{"start":{"line":215,"column":20},"end":{"line":215,"column":37}},"142":{"start":{"line":216,"column":20},"end":{"line":216,"column":37}},"143":{"start":{"line":217,"column":20},"end":{"line":217,"column":37}},"144":{"start":{"line":218,"column":20},"end":{"line":218,"column":37}},"145":{"start":{"line":219,"column":20},"end":{"line":219,"column":37}},"146":{"start":{"line":220,"column":20},"end":{"line":220,"column":37}},"147":{"start":{"line":221,"column":20},"end":{"line":221,"column":37}},"148":{"start":{"line":222,"column":20},"end":{"line":222,"column":37}},"149":{"start":{"line":223,"column":20},"end":{"line":223,"column":37}}},"fnMap":{},"branchMap":{},"s":{"0":4,"1":4,"2":4,"3":4,"4":4,"5":4,"6":4,"7":4,"8":4,"9":4,"10":4,"11":4,"12":4,"13":4,"14":4,"15":4,"16":4,"17":4,"18":4,"19":4,"20":4,"21":4,"22":4,"23":4,"24":4,"25":4,"26":4,"27":4,"28":4,"29":4,"30":4,"31":4,"32":4,"33":4,"34":4,"35":4,"36":4,"37":4,"38":4,"39":4,"40":4,"41":4,"42":4,"43":4,"44":4,"45":4,"46":4,"47":4,"48":4,"49":4,"50":4,"51":4,"52":4,"53":4,"54":4,"55":4,"56":4,"57":4,"58":4,"59":4,"60":4,"61":4,"62":4,"63":4,"64":4,"65":4,"66":4,"67":4,"68":4,"69":4,"70":4,"71":4,"72":4,"73":4,"74":4,"75":4,"76":4,"77":4,"78":4,"79":4,"80":4,"81":4,"82":4,"83":4,"84":4,"85":4,"86":4,"87":4,"88":4,"89":4,"90":4,"91":4,"92":4,"93":4,"94":4,"95":4,"96":4,"97":4,"98":4,"99":4,"100":4,"101":4,"102":4,"103":4,"104":4,"105":4,"106":4,"107":4,"108":4,"109":4,"110":4,"111":4,"112":4,"113":4,"114":4,"115":4,"116":4,"117":4,"118":4,"119":4,"120":4,"121":4,"122":4,"123":4,"124":4,"125":4,"126":4,"127":4,"128":4,"129":4,"130":4,"131":4,"132":4,"133":4,"134":4,"135":4,"136":4,"137":4,"138":4,"139":4,"140":4,"141":4,"142":4,"143":4,"144":4,"145":4,"146":4,"147":4,"148":4,"149":4},"f":{},"b":{},"_coverageSchema":"1a1c01bbd47fc00a2c39e90264f33305004495a9","hash":"26918582b541a1b53ea2d323dbcaa70bb937663c"},"/Users/ronak.kotak/Documents/RonakKotakProjects/Projects/ReactNativeProjects/DemoProjects/BoilerPlate/NewGitRepoCode/reactnative-boilerplate-typescript/src/utils/FontUtils.ts":{"path":"/Users/ronak.kotak/Documents/RonakKotakProjects/Projects/ReactNativeProjects/DemoProjects/BoilerPlate/NewGitRepoCode/reactnative-boilerplate-typescript/src/utils/FontUtils.ts","statementMap":{"0":{"start":{"line":1,"column":26},"end":{"line":20,"column":1}},"1":{"start":{"line":22,"column":25},"end":{"line":40,"column":1}}},"fnMap":{},"branchMap":{},"s":{"0":4,"1":4},"f":{},"b":{},"_coverageSchema":"1a1c01bbd47fc00a2c39e90264f33305004495a9","hash":"3d437da608985b80b18a13bd42aa520388f247f5"},"/Users/ronak.kotak/Documents/RonakKotakProjects/Projects/ReactNativeProjects/DemoProjects/BoilerPlate/NewGitRepoCode/reactnative-boilerplate-typescript/src/utils/Typography.ts":{"path":"/Users/ronak.kotak/Documents/RonakKotakProjects/Projects/ReactNativeProjects/DemoProjects/BoilerPlate/NewGitRepoCode/reactnative-boilerplate-typescript/src/utils/Typography.ts","statementMap":{"0":{"start":{"line":18,"column":60},"end":{"line":71,"column":3}},"1":{"start":{"line":73,"column":2},"end":{"line":73,"column":59}}},"fnMap":{"0":{"name":"getTypographyStyle","decl":{"start":{"line":17,"column":16},"end":{"line":17,"column":34}},"loc":{"start":{"line":17,"column":74},"end":{"line":74,"column":1}},"line":17}},"branchMap":{"0":{"loc":{"start":{"line":73,"column":9},"end":{"line":73,"column":58}},"type":"binary-expr","locations":[{"start":{"line":73,"column":9},"end":{"line":73,"column":22}},{"start":{"line":73,"column":26},"end":{"line":73,"column":58}}],"line":73}},"s":{"0":48,"1":48},"f":{"0":48},"b":{"0":[48,0]},"_coverageSchema":"1a1c01bbd47fc00a2c39e90264f33305004495a9","hash":"27fde6716cbbc46bdc58b2b4edc09e729df54c7a"},"/Users/ronak.kotak/Documents/RonakKotakProjects/Projects/ReactNativeProjects/DemoProjects/BoilerPlate/NewGitRepoCode/reactnative-boilerplate-typescript/src/components/Header.tsx":{"path":"/Users/ronak.kotak/Documents/RonakKotakProjects/Projects/ReactNativeProjects/DemoProjects/BoilerPlate/NewGitRepoCode/reactnative-boilerplate-typescript/src/components/Header.tsx","statementMap":{"0":{"start":{"line":10,"column":15},"end":{"line":47,"column":1}},"1":{"start":{"line":11,"column":21},"end":{"line":11,"column":36}},"2":{"start":{"line":12,"column":24},"end":{"line":12,"column":34}},"3":{"start":{"line":14,"column":2},"end":{"line":46,"column":4}},"4":{"start":{"line":25,"column":41},"end":{"line":25,"column":60}},"5":{"start":{"line":49,"column":15},"end":{"line":79,"column":2}}},"fnMap":{"0":{"name":"(anonymous_0)","decl":{"start":{"line":10,"column":15},"end":{"line":10,"column":16}},"loc":{"start":{"line":10,"column":104},"end":{"line":47,"column":1}},"line":10},"1":{"name":"(anonymous_1)","decl":{"start":{"line":25,"column":35},"end":{"line":25,"column":36}},"loc":{"start":{"line":25,"column":41},"end":{"line":25,"column":60}},"line":25}},"branchMap":{"0":{"loc":{"start":{"line":10,"column":17},"end":{"line":10,"column":33}},"type":"default-arg","locations":[{"start":{"line":10,"column":25},"end":{"line":10,"column":33}}],"line":10},"1":{"loc":{"start":{"line":10,"column":35},"end":{"line":10,"column":56}},"type":"default-arg","locations":[{"start":{"line":10,"column":52},"end":{"line":10,"column":56}}],"line":10},"2":{"loc":{"start":{"line":23,"column":7},"end":{"line":36,"column":7}},"type":"cond-expr","locations":[{"start":{"line":24,"column":8},"end":{"line":33,"column":27}},{"start":{"line":35,"column":8},"end":{"line":35,"column":43}}],"line":23},"3":{"loc":{"start":{"line":25,"column":19},"end":{"line":25,"column":61}},"type":"binary-expr","locations":[{"start":{"line":25,"column":19},"end":{"line":25,"column":30}},{"start":{"line":25,"column":35},"end":{"line":25,"column":60}}],"line":25},"4":{"loc":{"start":{"line":44,"column":7},"end":{"line":44,"column":76}},"type":"cond-expr","locations":[{"start":{"line":44,"column":24},"end":{"line":44,"column":38}},{"start":{"line":44,"column":41},"end":{"line":44,"column":76}}],"line":44}},"s":{"0":4,"1":6,"2":6,"3":6,"4":0,"5":4},"f":{"0":6,"1":0},"b":{"0":[0],"1":[6],"2":[6,0],"3":[6,6],"4":[4,2]},"_coverageSchema":"1a1c01bbd47fc00a2c39e90264f33305004495a9","hash":"8ccc41804902cb11387eef1db007b54c6568bef7"},"/Users/ronak.kotak/Documents/RonakKotakProjects/Projects/ReactNativeProjects/DemoProjects/BoilerPlate/NewGitRepoCode/reactnative-boilerplate-typescript/src/components/ReusableButton.tsx":{"path":"/Users/ronak.kotak/Documents/RonakKotakProjects/Projects/ReactNativeProjects/DemoProjects/BoilerPlate/NewGitRepoCode/reactnative-boilerplate-typescript/src/components/ReusableButton.tsx","statementMap":{"0":{"start":{"line":5,"column":23},"end":{"line":20,"column":1}},"1":{"start":{"line":6,"column":2},"end":{"line":19,"column":4}},"2":{"start":{"line":22,"column":15},"end":{"line":39,"column":2}}},"fnMap":{"0":{"name":"(anonymous_0)","decl":{"start":{"line":5,"column":23},"end":{"line":5,"column":24}},"loc":{"start":{"line":5,"column":113},"end":{"line":20,"column":1}},"line":5},"1":{"name":"(anonymous_1)","decl":{"start":{"line":5,"column":53},"end":{"line":5,"column":54}},"loc":{"start":{"line":5,"column":59},"end":{"line":5,"column":61}},"line":5}},"branchMap":{"0":{"loc":{"start":{"line":5,"column":25},"end":{"line":5,"column":41}},"type":"default-arg","locations":[{"start":{"line":5,"column":33},"end":{"line":5,"column":41}}],"line":5},"1":{"loc":{"start":{"line":5,"column":43},"end":{"line":5,"column":61}},"type":"default-arg","locations":[{"start":{"line":5,"column":53},"end":{"line":5,"column":61}}],"line":5},"2":{"loc":{"start":{"line":5,"column":63},"end":{"line":5,"column":73}},"type":"default-arg","locations":[{"start":{"line":5,"column":71},"end":{"line":5,"column":73}}],"line":5},"3":{"loc":{"start":{"line":5,"column":75},"end":{"line":5,"column":89}},"type":"default-arg","locations":[{"start":{"line":5,"column":87},"end":{"line":5,"column":89}}],"line":5},"4":{"loc":{"start":{"line":5,"column":91},"end":{"line":5,"column":107}},"type":"default-arg","locations":[{"start":{"line":5,"column":102},"end":{"line":5,"column":107}}],"line":5},"5":{"loc":{"start":{"line":11,"column":8},"end":{"line":11,"column":41}},"type":"binary-expr","locations":[{"start":{"line":11,"column":8},"end":{"line":11,"column":16}},{"start":{"line":11,"column":20},"end":{"line":11,"column":41}}],"line":11}},"s":{"0":4,"1":5,"2":4},"f":{"0":5,"1":0},"b":{"0":[0],"1":[0],"2":[0],"3":[5],"4":[5],"5":[5,0]},"_coverageSchema":"1a1c01bbd47fc00a2c39e90264f33305004495a9","hash":"7dd4d5a4422017deeb369f525ee039ecdfc399e6"},"/Users/ronak.kotak/Documents/RonakKotakProjects/Projects/ReactNativeProjects/DemoProjects/BoilerPlate/NewGitRepoCode/reactnative-boilerplate-typescript/src/components/Text.tsx":{"path":"/Users/ronak.kotak/Documents/RonakKotakProjects/Projects/ReactNativeProjects/DemoProjects/BoilerPlate/NewGitRepoCode/reactnative-boilerplate-typescript/src/components/Text.tsx","statementMap":{"0":{"start":{"line":7,"column":13},"end":{"line":15,"column":1}},"1":{"start":{"line":8,"column":24},"end":{"line":8,"column":34}},"2":{"start":{"line":9,"column":35},"end":{"line":13,"column":3}},"3":{"start":{"line":14,"column":2},"end":{"line":14,"column":74}}},"fnMap":{"0":{"name":"(anonymous_0)","decl":{"start":{"line":7,"column":13},"end":{"line":7,"column":14}},"loc":{"start":{"line":7,"column":47},"end":{"line":15,"column":1}},"line":7}},"branchMap":{},"s":{"0":4,"1":16,"2":16,"3":16},"f":{"0":16},"b":{},"_coverageSchema":"1a1c01bbd47fc00a2c39e90264f33305004495a9","hash":"fd37571a610a31c6e594369bb75d9cd1c51fd538"},"/Users/ronak.kotak/Documents/RonakKotakProjects/Projects/ReactNativeProjects/DemoProjects/BoilerPlate/NewGitRepoCode/reactnative-boilerplate-typescript/src/components/TextInput.tsx":{"path":"/Users/ronak.kotak/Documents/RonakKotakProjects/Projects/ReactNativeProjects/DemoProjects/BoilerPlate/NewGitRepoCode/reactnative-boilerplate-typescript/src/components/TextInput.tsx","statementMap":{"0":{"start":{"line":9,"column":27},"end":{"line":43,"column":1}},"1":{"start":{"line":21,"column":24},"end":{"line":21,"column":34}},"2":{"start":{"line":23,"column":2},"end":{"line":42,"column":4}},"3":{"start":{"line":46,"column":15},"end":{"line":53,"column":2}}},"fnMap":{"0":{"name":"(anonymous_0)","decl":{"start":{"line":9,"column":27},"end":{"line":9,"column":28}},"loc":{"start":{"line":20,"column":22},"end":{"line":43,"column":1}},"line":20},"1":{"name":"(anonymous_1)","decl":{"start":{"line":11,"column":17},"end":{"line":11,"column":18}},"loc":{"start":{"line":11,"column":23},"end":{"line":11,"column":25}},"line":11}},"branchMap":{"0":{"loc":{"start":{"line":10,"column":2},"end":{"line":10,"column":12}},"type":"default-arg","locations":[{"start":{"line":10,"column":10},"end":{"line":10,"column":12}}],"line":10},"1":{"loc":{"start":{"line":11,"column":2},"end":{"line":11,"column":25}},"type":"default-arg","locations":[{"start":{"line":11,"column":17},"end":{"line":11,"column":25}}],"line":11},"2":{"loc":{"start":{"line":12,"column":2},"end":{"line":12,"column":18}},"type":"default-arg","locations":[{"start":{"line":12,"column":16},"end":{"line":12,"column":18}}],"line":12},"3":{"loc":{"start":{"line":13,"column":2},"end":{"line":13,"column":26}},"type":"default-arg","locations":[{"start":{"line":13,"column":17},"end":{"line":13,"column":26}}],"line":13},"4":{"loc":{"start":{"line":14,"column":2},"end":{"line":14,"column":25}},"type":"default-arg","locations":[{"start":{"line":14,"column":19},"end":{"line":14,"column":25}}],"line":14},"5":{"loc":{"start":{"line":15,"column":2},"end":{"line":15,"column":25}},"type":"default-arg","locations":[{"start":{"line":15,"column":20},"end":{"line":15,"column":25}}],"line":15},"6":{"loc":{"start":{"line":17,"column":2},"end":{"line":17,"column":17}},"type":"default-arg","locations":[{"start":{"line":17,"column":12},"end":{"line":17,"column":17}}],"line":17},"7":{"loc":{"start":{"line":18,"column":2},"end":{"line":18,"column":15}},"type":"default-arg","locations":[{"start":{"line":18,"column":13},"end":{"line":18,"column":15}}],"line":18},"8":{"loc":{"start":{"line":36,"column":7},"end":{"line":40,"column":7}},"type":"binary-expr","locations":[{"start":{"line":36,"column":7},"end":{"line":36,"column":14}},{"start":{"line":37,"column":8},"end":{"line":39,"column":15}}],"line":36}},"s":{"0":4,"1":6,"2":6,"3":4},"f":{"0":6,"1":0},"b":{"0":[0],"1":[0],"2":[0],"3":[3],"4":[3],"5":[3],"6":[0],"7":[0],"8":[6,0]},"_coverageSchema":"1a1c01bbd47fc00a2c39e90264f33305004495a9","hash":"b9bd2e544e57879dcf8ce3a959447939733c2e9c"},"/Users/ronak.kotak/Documents/RonakKotakProjects/Projects/ReactNativeProjects/DemoProjects/BoilerPlate/NewGitRepoCode/reactnative-boilerplate-typescript/src/utils/ValidationUtils.ts":{"path":"/Users/ronak.kotak/Documents/RonakKotakProjects/Projects/ReactNativeProjects/DemoProjects/BoilerPlate/NewGitRepoCode/reactnative-boilerplate-typescript/src/utils/ValidationUtils.ts","statementMap":{"0":{"start":{"line":6,"column":29},"end":{"line":8,"column":1}},"1":{"start":{"line":7,"column":2},"end":{"line":7,"column":24}},"2":{"start":{"line":15,"column":28},"end":{"line":19,"column":1}},"3":{"start":{"line":17,"column":21},"end":{"line":17,"column":70}},"4":{"start":{"line":18,"column":2},"end":{"line":18,"column":32}},"5":{"start":{"line":27,"column":31},"end":{"line":29,"column":1}},"6":{"start":{"line":28,"column":2},"end":{"line":28,"column":38}}},"fnMap":{"0":{"name":"(anonymous_0)","decl":{"start":{"line":6,"column":29},"end":{"line":6,"column":30}},"loc":{"start":{"line":6,"column":58},"end":{"line":8,"column":1}},"line":6},"1":{"name":"(anonymous_1)","decl":{"start":{"line":15,"column":28},"end":{"line":15,"column":29}},"loc":{"start":{"line":15,"column":56},"end":{"line":19,"column":1}},"line":15},"2":{"name":"(anonymous_2)","decl":{"start":{"line":27,"column":31},"end":{"line":27,"column":32}},"loc":{"start":{"line":27,"column":85},"end":{"line":29,"column":1}},"line":27}},"branchMap":{"0":{"loc":{"start":{"line":27,"column":50},"end":{"line":27,"column":71}},"type":"default-arg","locations":[{"start":{"line":27,"column":70},"end":{"line":27,"column":71}}],"line":27}},"s":{"0":4,"1":0,"2":4,"3":0,"4":0,"5":4,"6":0},"f":{"0":0,"1":0,"2":0},"b":{"0":[0]},"_coverageSchema":"1a1c01bbd47fc00a2c39e90264f33305004495a9","hash":"5f62e179da1aedaa4b1352cf0068ecae2d488f56"},"/Users/ronak.kotak/Documents/RonakKotakProjects/Projects/ReactNativeProjects/DemoProjects/BoilerPlate/NewGitRepoCode/reactnative-boilerplate-typescript/src/utils/SentryUtil.ts":{"path":"/Users/ronak.kotak/Documents/RonakKotakProjects/Projects/ReactNativeProjects/DemoProjects/BoilerPlate/NewGitRepoCode/reactnative-boilerplate-typescript/src/utils/SentryUtil.ts","statementMap":{"0":{"start":{"line":5,"column":37},"end":{"line":10,"column":2}},"1":{"start":{"line":12,"column":26},"end":{"line":52,"column":1}},"2":{"start":{"line":13,"column":2},"end":{"line":51,"column":5}},"3":{"start":{"line":32,"column":10},"end":{"line":32,"column":37}},"4":{"start":{"line":47,"column":6},"end":{"line":47,"column":68}},"5":{"start":{"line":55,"column":30},"end":{"line":68,"column":1}},"6":{"start":{"line":56,"column":2},"end":{"line":60,"column":5}},"7":{"start":{"line":63,"column":2},"end":{"line":67,"column":5}},"8":{"start":{"line":71,"column":32},"end":{"line":79,"column":1}},"9":{"start":{"line":72,"column":2},"end":{"line":72,"column":23}},"10":{"start":{"line":74,"column":2},"end":{"line":78,"column":5}},"11":{"start":{"line":82,"column":26},"end":{"line":89,"column":1}},"12":{"start":{"line":83,"column":2},"end":{"line":88,"column":5}},"13":{"start":{"line":93,"column":24},"end":{"line":99,"column":1}},"14":{"start":{"line":94,"column":2},"end":{"line":98,"column":5}},"15":{"start":{"line":102,"column":26},"end":{"line":109,"column":1}},"16":{"start":{"line":103,"column":2},"end":{"line":108,"column":5}},"17":{"start":{"line":112,"column":22},"end":{"line":114,"column":1}},"18":{"start":{"line":113,"column":2},"end":{"line":113,"column":28}},"19":{"start":{"line":117,"column":26},"end":{"line":119,"column":1}},"20":{"start":{"line":118,"column":2},"end":{"line":118,"column":46}}},"fnMap":{"0":{"name":"(anonymous_0)","decl":{"start":{"line":12,"column":26},"end":{"line":12,"column":27}},"loc":{"start":{"line":12,"column":32},"end":{"line":52,"column":1}},"line":12},"1":{"name":"(anonymous_1)","decl":{"start":{"line":31,"column":36},"end":{"line":31,"column":37}},"loc":{"start":{"line":31,"column":45},"end":{"line":33,"column":9}},"line":31},"2":{"name":"(anonymous_2)","decl":{"start":{"line":46,"column":4},"end":{"line":46,"column":5}},"loc":{"start":{"line":46,"column":33},"end":{"line":48,"column":5}},"line":46},"3":{"name":"(anonymous_3)","decl":{"start":{"line":55,"column":30},"end":{"line":55,"column":31}},"loc":{"start":{"line":55,"column":74},"end":{"line":68,"column":1}},"line":55},"4":{"name":"(anonymous_4)","decl":{"start":{"line":71,"column":32},"end":{"line":71,"column":33}},"loc":{"start":{"line":71,"column":38},"end":{"line":79,"column":1}},"line":71},"5":{"name":"(anonymous_5)","decl":{"start":{"line":82,"column":26},"end":{"line":82,"column":27}},"loc":{"start":{"line":82,"column":66},"end":{"line":89,"column":1}},"line":82},"6":{"name":"(anonymous_6)","decl":{"start":{"line":93,"column":24},"end":{"line":93,"column":25}},"loc":{"start":{"line":93,"column":54},"end":{"line":99,"column":1}},"line":93},"7":{"name":"(anonymous_7)","decl":{"start":{"line":102,"column":26},"end":{"line":102,"column":27}},"loc":{"start":{"line":102,"column":61},"end":{"line":109,"column":1}},"line":102},"8":{"name":"(anonymous_8)","decl":{"start":{"line":112,"column":22},"end":{"line":112,"column":23}},"loc":{"start":{"line":112,"column":57},"end":{"line":114,"column":1}},"line":112},"9":{"name":"(anonymous_9)","decl":{"start":{"line":117,"column":26},"end":{"line":117,"column":27}},"loc":{"start":{"line":117,"column":69},"end":{"line":119,"column":1}},"line":117}},"branchMap":{"0":{"loc":{"start":{"line":47,"column":13},"end":{"line":47,"column":67}},"type":"cond-expr","locations":[{"start":{"line":47,"column":50},"end":{"line":47,"column":54}},{"start":{"line":47,"column":57},"end":{"line":47,"column":67}}],"line":47},"1":{"loc":{"start":{"line":82,"column":46},"end":{"line":82,"column":61}},"type":"default-arg","locations":[{"start":{"line":82,"column":59},"end":{"line":82,"column":61}}],"line":82},"2":{"loc":{"start":{"line":93,"column":37},"end":{"line":93,"column":49}},"type":"default-arg","locations":[{"start":{"line":93,"column":47},"end":{"line":93,"column":49}}],"line":93},"3":{"loc":{"start":{"line":102,"column":44},"end":{"line":102,"column":56}},"type":"default-arg","locations":[{"start":{"line":102,"column":54},"end":{"line":102,"column":56}}],"line":102},"4":{"loc":{"start":{"line":117,"column":48},"end":{"line":117,"column":64}},"type":"default-arg","locations":[{"start":{"line":117,"column":62},"end":{"line":117,"column":64}}],"line":117}},"s":{"0":4,"1":4,"2":1,"3":0,"4":0,"5":4,"6":0,"7":0,"8":4,"9":0,"10":0,"11":4,"12":5,"13":4,"14":0,"15":4,"16":0,"17":4,"18":0,"19":4,"20":0},"f":{"0":1,"1":0,"2":0,"3":0,"4":0,"5":5,"6":0,"7":0,"8":0,"9":0},"b":{"0":[0,0],"1":[4],"2":[0],"3":[0],"4":[0]},"_coverageSchema":"1a1c01bbd47fc00a2c39e90264f33305004495a9","hash":"3367603984af871b161c8ab459839a865356b42b"},"/Users/ronak.kotak/Documents/RonakKotakProjects/Projects/ReactNativeProjects/DemoProjects/BoilerPlate/NewGitRepoCode/reactnative-boilerplate-typescript/src/utils/StorageService.ts":{"path":"/Users/ronak.kotak/Documents/RonakKotakProjects/Projects/ReactNativeProjects/DemoProjects/BoilerPlate/NewGitRepoCode/reactnative-boilerplate-typescript/src/utils/StorageService.ts","statementMap":{"0":{"start":{"line":42,"column":33},"end":{"line":42,"column":38}},"1":{"start":{"line":45,"column":54},"end":{"line":45,"column":58}},"2":{"start":{"line":51,"column":23},"end":{"line":61,"column":3}},"3":{"start":{"line":67,"column":4},"end":{"line":71,"column":5}},"4":{"start":{"line":68,"column":6},"end":{"line":70,"column":14}},"5":{"start":{"line":69,"column":8},"end":{"line":69,"column":108}},"6":{"start":{"line":69,"column":50},"end":{"line":69,"column":106}},"7":{"start":{"line":82,"column":16},"end":{"line":82,"column":38}},"8":{"start":{"line":83,"column":4},"end":{"line":83,"column":42}},"9":{"start":{"line":84,"column":4},"end":{"line":84,"column":84}},"10":{"start":{"line":84,"column":39},"end":{"line":84,"column":73}},"11":{"start":{"line":95,"column":15},"end":{"line":95,"column":16}},"12":{"start":{"line":96,"column":4},"end":{"line":100,"column":5}},"13":{"start":{"line":96,"column":17},"end":{"line":96,"column":18}},"14":{"start":{"line":97,"column":19},"end":{"line":97,"column":38}},"15":{"start":{"line":98,"column":6},"end":{"line":98,"column":39}},"16":{"start":{"line":99,"column":6},"end":{"line":99,"column":25}},"17":{"start":{"line":101,"column":4},"end":{"line":101,"column":39}},"18":{"start":{"line":111,"column":21},"end":{"line":111,"column":32}},"19":{"start":{"line":112,"column":17},"end":{"line":112,"column":25}},"20":{"start":{"line":113,"column":4},"end":{"line":113,"column":43}},"21":{"start":{"line":123,"column":4},"end":{"line":152,"column":5}},"22":{"start":{"line":125,"column":6},"end":{"line":132,"column":7}},"23":{"start":{"line":126,"column":28},"end":{"line":128,"column":10}},"24":{"start":{"line":129,"column":8},"end":{"line":131,"column":9}},"25":{"start":{"line":130,"column":10},"end":{"line":130,"column":50}},"26":{"start":{"line":134,"column":6},"end":{"line":148,"column":7}},"27":{"start":{"line":136,"column":28},"end":{"line":136,"column":84}},"28":{"start":{"line":137,"column":8},"end":{"line":139,"column":9}},"29":{"start":{"line":138,"column":10},"end":{"line":138,"column":38}},"30":{"start":{"line":142,"column":20},"end":{"line":142,"column":55}},"31":{"start":{"line":143,"column":8},"end":{"line":143,"column":84}},"32":{"start":{"line":144,"column":8},"end":{"line":144,"column":19}},"33":{"start":{"line":146,"column":8},"end":{"line":146,"column":84}},"34":{"start":{"line":147,"column":8},"end":{"line":147,"column":48}},"35":{"start":{"line":150,"column":6},"end":{"line":150,"column":62}},"36":{"start":{"line":151,"column":6},"end":{"line":151,"column":46}},"37":{"start":{"line":162,"column":22},"end":{"line":162,"column":43}},"38":{"start":{"line":163,"column":20},"end":{"line":163,"column":28}},"39":{"start":{"line":164,"column":20},"end":{"line":164,"column":28}},"40":{"start":{"line":166,"column":21},"end":{"line":166,"column":32}},"41":{"start":{"line":167,"column":17},"end":{"line":167,"column":82}},"42":{"start":{"line":168,"column":4},"end":{"line":168,"column":28}},"43":{"start":{"line":177,"column":4},"end":{"line":177,"column":42}},"44":{"start":{"line":177,"column":35},"end":{"line":177,"column":42}},"45":{"start":{"line":178,"column":4},"end":{"line":178,"column":66}},"46":{"start":{"line":178,"column":34},"end":{"line":178,"column":66}},"47":{"start":{"line":180,"column":4},"end":{"line":206,"column":9}},"48":{"start":{"line":181,"column":6},"end":{"line":205,"column":7}},"49":{"start":{"line":183,"column":24},"end":{"line":183,"column":46}},"50":{"start":{"line":184,"column":26},"end":{"line":184,"column":56}},"51":{"start":{"line":187,"column":8},"end":{"line":190,"column":11}},"52":{"start":{"line":193,"column":8},"end":{"line":196,"column":11}},"53":{"start":{"line":198,"column":8},"end":{"line":198,"column":41}},"54":{"start":{"line":200,"column":8},"end":{"line":200,"column":66}},"55":{"start":{"line":201,"column":8},"end":{"line":201,"column":42}},"56":{"start":{"line":202,"column":8},"end":{"line":202,"column":20}},"57":{"start":{"line":204,"column":8},"end":{"line":204,"column":40}},"58":{"start":{"line":207,"column":4},"end":{"line":207,"column":36}},"59":{"start":{"line":215,"column":4},"end":{"line":217,"column":5}},"60":{"start":{"line":216,"column":6},"end":{"line":216,"column":37}},"61":{"start":{"line":236,"column":4},"end":{"line":236,"column":42}},"62":{"start":{"line":237,"column":16},"end":{"line":237,"column":60}},"63":{"start":{"line":238,"column":4},"end":{"line":238,"column":59}},"64":{"start":{"line":238,"column":16},"end":{"line":238,"column":59}},"65":{"start":{"line":240,"column":4},"end":{"line":249,"column":5}},"66":{"start":{"line":241,"column":6},"end":{"line":245,"column":7}},"67":{"start":{"line":242,"column":8},"end":{"line":242,"column":46}},"68":{"start":{"line":244,"column":8},"end":{"line":244,"column":38}},"69":{"start":{"line":247,"column":6},"end":{"line":247,"column":60}},"70":{"start":{"line":248,"column":6},"end":{"line":248,"column":18}},"71":{"start":{"line":267,"column":4},"end":{"line":267,"column":42}},"72":{"start":{"line":268,"column":16},"end":{"line":268,"column":60}},"73":{"start":{"line":269,"column":4},"end":{"line":269,"column":59}},"74":{"start":{"line":269,"column":16},"end":{"line":269,"column":59}},"75":{"start":{"line":271,"column":4},"end":{"line":286,"column":5}},"76":{"start":{"line":272,"column":20},"end":{"line":272,"column":40}},"77":{"start":{"line":273,"column":6},"end":{"line":281,"column":7}},"78":{"start":{"line":274,"column":8},"end":{"line":280,"column":9}},"79":{"start":{"line":276,"column":10},"end":{"line":276,"column":49}},"80":{"start":{"line":279,"column":10},"end":{"line":279,"column":37}},"81":{"start":{"line":282,"column":6},"end":{"line":282,"column":18}},"82":{"start":{"line":284,"column":6},"end":{"line":284,"column":60}},"83":{"start":{"line":285,"column":6},"end":{"line":285,"column":18}},"84":{"start":{"line":298,"column":4},"end":{"line":303,"column":5}},"85":{"start":{"line":299,"column":6},"end":{"line":299,"column":31}},"86":{"start":{"line":300,"column":6},"end":{"line":300,"column":37}},"87":{"start":{"line":302,"column":6},"end":{"line":302,"column":63}},"88":{"start":{"line":320,"column":4},"end":{"line":326,"column":5}},"89":{"start":{"line":321,"column":18},"end":{"line":321,"column":62}},"90":{"start":{"line":322,"column":6},"end":{"line":322,"column":61}},"91":{"start":{"line":322,"column":18},"end":{"line":322,"column":61}},"92":{"start":{"line":323,"column":6},"end":{"line":323,"column":24}},"93":{"start":{"line":325,"column":6},"end":{"line":325,"column":61}},"94":{"start":{"line":343,"column":4},"end":{"line":350,"column":5}},"95":{"start":{"line":344,"column":18},"end":{"line":344,"column":62}},"96":{"start":{"line":345,"column":6},"end":{"line":345,"column":61}},"97":{"start":{"line":345,"column":18},"end":{"line":345,"column":61}},"98":{"start":{"line":346,"column":6},"end":{"line":346,"column":32}},"99":{"start":{"line":348,"column":6},"end":{"line":348,"column":57}},"100":{"start":{"line":349,"column":6},"end":{"line":349,"column":16}},"101":{"start":{"line":368,"column":4},"end":{"line":375,"column":5}},"102":{"start":{"line":369,"column":18},"end":{"line":369,"column":62}},"103":{"start":{"line":370,"column":6},"end":{"line":370,"column":61}},"104":{"start":{"line":370,"column":18},"end":{"line":370,"column":61}},"105":{"start":{"line":371,"column":6},"end":{"line":371,"column":33}},"106":{"start":{"line":373,"column":6},"end":{"line":373,"column":61}},"107":{"start":{"line":374,"column":6},"end":{"line":374,"column":19}},"108":{"start":{"line":380,"column":23},"end":{"line":380,"column":43}}},"fnMap":{"0":{"name":"(anonymous_0)","decl":{"start":{"line":63,"column":2},"end":{"line":63,"column":3}},"loc":{"start":{"line":63,"column":16},"end":{"line":72,"column":3}},"line":63},"1":{"name":"(anonymous_1)","decl":{"start":{"line":68,"column":17},"end":{"line":68,"column":18}},"loc":{"start":{"line":68,"column":23},"end":{"line":70,"column":7}},"line":68},"2":{"name":"(anonymous_2)","decl":{"start":{"line":69,"column":39},"end":{"line":69,"column":40}},"loc":{"start":{"line":69,"column":50},"end":{"line":69,"column":106}},"line":69},"3":{"name":"(anonymous_3)","decl":{"start":{"line":81,"column":2},"end":{"line":81,"column":3}},"loc":{"start":{"line":81,"column":60},"end":{"line":85,"column":3}},"line":81},"4":{"name":"(anonymous_4)","decl":{"start":{"line":84,"column":29},"end":{"line":84,"column":30}},"loc":{"start":{"line":84,"column":39},"end":{"line":84,"column":73}},"line":84},"5":{"name":"(anonymous_5)","decl":{"start":{"line":94,"column":2},"end":{"line":94,"column":3}},"loc":{"start":{"line":94,"column":44},"end":{"line":102,"column":3}},"line":94},"6":{"name":"(anonymous_6)","decl":{"start":{"line":110,"column":2},"end":{"line":110,"column":3}},"loc":{"start":{"line":110,"column":36},"end":{"line":114,"column":3}},"line":110},"7":{"name":"(anonymous_7)","decl":{"start":{"line":122,"column":2},"end":{"line":122,"column":3}},"loc":{"start":{"line":122,"column":53},"end":{"line":153,"column":3}},"line":122},"8":{"name":"(anonymous_8)","decl":{"start":{"line":161,"column":2},"end":{"line":161,"column":3}},"loc":{"start":{"line":161,"column":46},"end":{"line":169,"column":3}},"line":161},"9":{"name":"(anonymous_9)","decl":{"start":{"line":175,"column":2},"end":{"line":175,"column":3}},"loc":{"start":{"line":175,"column":36},"end":{"line":208,"column":3}},"line":175},"10":{"name":"(anonymous_10)","decl":{"start":{"line":180,"column":32},"end":{"line":180,"column":33}},"loc":{"start":{"line":180,"column":44},"end":{"line":206,"column":5}},"line":180},"11":{"name":"(anonymous_11)","decl":{"start":{"line":214,"column":2},"end":{"line":214,"column":3}},"loc":{"start":{"line":214,"column":43},"end":{"line":218,"column":3}},"line":214},"12":{"name":"(anonymous_12)","decl":{"start":{"line":235,"column":2},"end":{"line":235,"column":3}},"loc":{"start":{"line":235,"column":92},"end":{"line":250,"column":3}},"line":235},"13":{"name":"(anonymous_13)","decl":{"start":{"line":266,"column":2},"end":{"line":266,"column":3}},"loc":{"start":{"line":266,"column":102},"end":{"line":287,"column":3}},"line":266},"14":{"name":"(anonymous_14)","decl":{"start":{"line":297,"column":2},"end":{"line":297,"column":3}},"loc":{"start":{"line":297,"column":35},"end":{"line":304,"column":3}},"line":297},"15":{"name":"(anonymous_15)","decl":{"start":{"line":319,"column":2},"end":{"line":319,"column":3}},"loc":{"start":{"line":319,"column":65},"end":{"line":327,"column":3}},"line":319},"16":{"name":"(anonymous_16)","decl":{"start":{"line":342,"column":2},"end":{"line":342,"column":3}},"loc":{"start":{"line":342,"column":56},"end":{"line":351,"column":3}},"line":342},"17":{"name":"(anonymous_17)","decl":{"start":{"line":367,"column":2},"end":{"line":367,"column":3}},"loc":{"start":{"line":367,"column":65},"end":{"line":376,"column":3}},"line":367}},"branchMap":{"0":{"loc":{"start":{"line":67,"column":4},"end":{"line":71,"column":5}},"type":"if","locations":[{"start":{"line":67,"column":4},"end":{"line":71,"column":5}},{"start":{},"end":{}}],"line":67},"1":{"loc":{"start":{"line":125,"column":6},"end":{"line":132,"column":7}},"type":"if","locations":[{"start":{"line":125,"column":6},"end":{"line":132,"column":7}},{"start":{},"end":{}}],"line":125},"2":{"loc":{"start":{"line":129,"column":8},"end":{"line":131,"column":9}},"type":"if","locations":[{"start":{"line":129,"column":8},"end":{"line":131,"column":9}},{"start":{},"end":{}}],"line":129},"3":{"loc":{"start":{"line":137,"column":8},"end":{"line":139,"column":9}},"type":"if","locations":[{"start":{"line":137,"column":8},"end":{"line":139,"column":9}},{"start":{},"end":{}}],"line":137},"4":{"loc":{"start":{"line":177,"column":4},"end":{"line":177,"column":42}},"type":"if","locations":[{"start":{"line":177,"column":4},"end":{"line":177,"column":42}},{"start":{},"end":{}}],"line":177},"5":{"loc":{"start":{"line":178,"column":4},"end":{"line":178,"column":66}},"type":"if","locations":[{"start":{"line":178,"column":4},"end":{"line":178,"column":66}},{"start":{},"end":{}}],"line":178},"6":{"loc":{"start":{"line":215,"column":4},"end":{"line":217,"column":5}},"type":"if","locations":[{"start":{"line":215,"column":4},"end":{"line":217,"column":5}},{"start":{},"end":{}}],"line":215},"7":{"loc":{"start":{"line":235,"column":51},"end":{"line":235,"column":75}},"type":"default-arg","locations":[{"start":{"line":235,"column":71},"end":{"line":235,"column":75}}],"line":235},"8":{"loc":{"start":{"line":237,"column":16},"end":{"line":237,"column":60}},"type":"cond-expr","locations":[{"start":{"line":237,"column":27},"end":{"line":237,"column":45}},{"start":{"line":237,"column":48},"end":{"line":237,"column":60}}],"line":237},"9":{"loc":{"start":{"line":238,"column":4},"end":{"line":238,"column":59}},"type":"if","locations":[{"start":{"line":238,"column":4},"end":{"line":238,"column":59}},{"start":{},"end":{}}],"line":238},"10":{"loc":{"start":{"line":241,"column":6},"end":{"line":245,"column":7}},"type":"if","locations":[{"start":{"line":241,"column":6},"end":{"line":245,"column":7}},{"start":{"line":243,"column":13},"end":{"line":245,"column":7}}],"line":241},"11":{"loc":{"start":{"line":266,"column":48},"end":{"line":266,"column":72}},"type":"default-arg","locations":[{"start":{"line":266,"column":68},"end":{"line":266,"column":72}}],"line":266},"12":{"loc":{"start":{"line":268,"column":16},"end":{"line":268,"column":60}},"type":"cond-expr","locations":[{"start":{"line":268,"column":27},"end":{"line":268,"column":45}},{"start":{"line":268,"column":48},"end":{"line":268,"column":60}}],"line":268},"13":{"loc":{"start":{"line":269,"column":4},"end":{"line":269,"column":59}},"type":"if","locations":[{"start":{"line":269,"column":4},"end":{"line":269,"column":59}},{"start":{},"end":{}}],"line":269},"14":{"loc":{"start":{"line":273,"column":6},"end":{"line":281,"column":7}},"type":"if","locations":[{"start":{"line":273,"column":6},"end":{"line":281,"column":7}},{"start":{},"end":{}}],"line":273},"15":{"loc":{"start":{"line":319,"column":33},"end":{"line":319,"column":57}},"type":"default-arg","locations":[{"start":{"line":319,"column":53},"end":{"line":319,"column":57}}],"line":319},"16":{"loc":{"start":{"line":321,"column":18},"end":{"line":321,"column":62}},"type":"cond-expr","locations":[{"start":{"line":321,"column":29},"end":{"line":321,"column":47}},{"start":{"line":321,"column":50},"end":{"line":321,"column":62}}],"line":321},"17":{"loc":{"start":{"line":322,"column":6},"end":{"line":322,"column":61}},"type":"if","locations":[{"start":{"line":322,"column":6},"end":{"line":322,"column":61}},{"start":{},"end":{}}],"line":322},"18":{"loc":{"start":{"line":342,"column":20},"end":{"line":342,"column":44}},"type":"default-arg","locations":[{"start":{"line":342,"column":40},"end":{"line":342,"column":44}}],"line":342},"19":{"loc":{"start":{"line":344,"column":18},"end":{"line":344,"column":62}},"type":"cond-expr","locations":[{"start":{"line":344,"column":29},"end":{"line":344,"column":47}},{"start":{"line":344,"column":50},"end":{"line":344,"column":62}}],"line":344},"20":{"loc":{"start":{"line":345,"column":6},"end":{"line":345,"column":61}},"type":"if","locations":[{"start":{"line":345,"column":6},"end":{"line":345,"column":61}},{"start":{},"end":{}}],"line":345},"21":{"loc":{"start":{"line":367,"column":30},"end":{"line":367,"column":54}},"type":"default-arg","locations":[{"start":{"line":367,"column":50},"end":{"line":367,"column":54}}],"line":367},"22":{"loc":{"start":{"line":369,"column":18},"end":{"line":369,"column":62}},"type":"cond-expr","locations":[{"start":{"line":369,"column":29},"end":{"line":369,"column":47}},{"start":{"line":369,"column":50},"end":{"line":369,"column":62}}],"line":369},"23":{"loc":{"start":{"line":370,"column":6},"end":{"line":370,"column":61}},"type":"if","locations":[{"start":{"line":370,"column":6},"end":{"line":370,"column":61}},{"start":{},"end":{}}],"line":370}},"s":{"0":4,"1":4,"2":4,"3":4,"4":0,"5":0,"6":0,"7":0,"8":0,"9":0,"10":0,"11":0,"12":0,"13":0,"14":0,"15":0,"16":0,"17":0,"18":0,"19":0,"20":0,"21":0,"22":0,"23":0,"24":0,"25":0,"26":0,"27":0,"28":0,"29":0,"30":0,"31":0,"32":0,"33":0,"34":0,"35":0,"36":0,"37":0,"38":0,"39":0,"40":0,"41":0,"42":0,"43":0,"44":0,"45":0,"46":0,"47":0,"48":0,"49":0,"50":0,"51":0,"52":0,"53":0,"54":0,"55":0,"56":0,"57":0,"58":0,"59":0,"60":0,"61":0,"62":0,"63":0,"64":0,"65":0,"66":0,"67":0,"68":0,"69":0,"70":0,"71":0,"72":0,"73":0,"74":0,"75":0,"76":0,"77":0,"78":0,"79":0,"80":0,"81":0,"82":0,"83":0,"84":0,"85":0,"86":0,"87":0,"88":0,"89":0,"90":0,"91":0,"92":0,"93":0,"94":0,"95":0,"96":0,"97":0,"98":0,"99":0,"100":0,"101":0,"102":0,"103":0,"104":0,"105":0,"106":0,"107":0,"108":4},"f":{"0":4,"1":0,"2":0,"3":0,"4":0,"5":0,"6":0,"7":0,"8":0,"9":0,"10":0,"11":0,"12":0,"13":0,"14":0,"15":0,"16":0,"17":0},"b":{"0":[0,4],"1":[0,0],"2":[0,0],"3":[0,0],"4":[0,0],"5":[0,0],"6":[0,0],"7":[0],"8":[0,0],"9":[0,0],"10":[0,0],"11":[0],"12":[0,0],"13":[0,0],"14":[0,0],"15":[0],"16":[0,0],"17":[0,0],"18":[0],"19":[0,0],"20":[0,0],"21":[0],"22":[0,0],"23":[0,0]},"_coverageSchema":"1a1c01bbd47fc00a2c39e90264f33305004495a9","hash":"5fa47e853a68ee6deab1039739d7e1cb96314a13"},"/Users/ronak.kotak/Documents/RonakKotakProjects/Projects/ReactNativeProjects/DemoProjects/BoilerPlate/NewGitRepoCode/reactnative-boilerplate-typescript/src/navigators/AuthStackNavigator.tsx":{"path":"/Users/ronak.kotak/Documents/RonakKotakProjects/Projects/ReactNativeProjects/DemoProjects/BoilerPlate/NewGitRepoCode/reactnative-boilerplate-typescript/src/navigators/AuthStackNavigator.tsx","statementMap":{"0":{"start":{"line":7,"column":27},"end":{"line":44,"column":1}},"1":{"start":{"line":9,"column":16},"end":{"line":9,"column":64}},"2":{"start":{"line":11,"column":2},"end":{"line":43,"column":4}}},"fnMap":{"0":{"name":"(anonymous_0)","decl":{"start":{"line":7,"column":27},"end":{"line":7,"column":28}},"loc":{"start":{"line":7,"column":33},"end":{"line":44,"column":1}},"line":7}},"branchMap":{},"s":{"0":4,"1":0,"2":0},"f":{"0":0},"b":{},"_coverageSchema":"1a1c01bbd47fc00a2c39e90264f33305004495a9","hash":"a95c1c38152eac48c70a6a3010e8fcf1aef252f8"},"/Users/ronak.kotak/Documents/RonakKotakProjects/Projects/ReactNativeProjects/DemoProjects/BoilerPlate/NewGitRepoCode/reactnative-boilerplate-typescript/src/screens/DetailScreen/Details.styles.ts":{"path":"/Users/ronak.kotak/Documents/RonakKotakProjects/Projects/ReactNativeProjects/DemoProjects/BoilerPlate/NewGitRepoCode/reactnative-boilerplate-typescript/src/screens/DetailScreen/Details.styles.ts","statementMap":{"0":{"start":{"line":4,"column":25},"end":{"line":38,"column":1}},"1":{"start":{"line":5,"column":24},"end":{"line":5,"column":34}},"2":{"start":{"line":7,"column":2},"end":{"line":37,"column":5}}},"fnMap":{"0":{"name":"(anonymous_0)","decl":{"start":{"line":4,"column":25},"end":{"line":4,"column":26}},"loc":{"start":{"line":4,"column":31},"end":{"line":38,"column":1}},"line":4}},"branchMap":{},"s":{"0":3,"1":0,"2":0},"f":{"0":0},"b":{},"_coverageSchema":"1a1c01bbd47fc00a2c39e90264f33305004495a9","hash":"ec14b137ce754888086b9f9b237d81d57e394947"},"/Users/ronak.kotak/Documents/RonakKotakProjects/Projects/ReactNativeProjects/DemoProjects/BoilerPlate/NewGitRepoCode/reactnative-boilerplate-typescript/src/screens/DetailScreen/Details.viewmodel.ts":{"path":"/Users/ronak.kotak/Documents/RonakKotakProjects/Projects/ReactNativeProjects/DemoProjects/BoilerPlate/NewGitRepoCode/reactnative-boilerplate-typescript/src/screens/DetailScreen/Details.viewmodel.ts","statementMap":{"0":{"start":{"line":5,"column":21},"end":{"line":19,"column":1}},"1":{"start":{"line":6,"column":17},"end":{"line":6,"column":28}},"2":{"start":{"line":7,"column":14},"end":{"line":7,"column":30}},"3":{"start":{"line":8,"column":21},"end":{"line":8,"column":36}},"4":{"start":{"line":10,"column":17},"end":{"line":12,"column":3}},"5":{"start":{"line":11,"column":4},"end":{"line":11,"column":24}},"6":{"start":{"line":14,"column":2},"end":{"line":18,"column":4}}},"fnMap":{"0":{"name":"(anonymous_0)","decl":{"start":{"line":5,"column":21},"end":{"line":5,"column":22}},"loc":{"start":{"line":5,"column":27},"end":{"line":19,"column":1}},"line":5},"1":{"name":"(anonymous_1)","decl":{"start":{"line":10,"column":17},"end":{"line":10,"column":18}},"loc":{"start":{"line":10,"column":23},"end":{"line":12,"column":3}},"line":10}},"branchMap":{},"s":{"0":3,"1":0,"2":0,"3":0,"4":0,"5":0,"6":0},"f":{"0":0,"1":0},"b":{},"_coverageSchema":"1a1c01bbd47fc00a2c39e90264f33305004495a9","hash":"43851d4895a57df5b470f44facf87d82748f43bc"},"/Users/ronak.kotak/Documents/RonakKotakProjects/Projects/ReactNativeProjects/DemoProjects/BoilerPlate/NewGitRepoCode/reactnative-boilerplate-typescript/src/screens/DetailScreen/DetailScreen.tsx":{"path":"/Users/ronak.kotak/Documents/RonakKotakProjects/Projects/ReactNativeProjects/DemoProjects/BoilerPlate/NewGitRepoCode/reactnative-boilerplate-typescript/src/screens/DetailScreen/DetailScreen.tsx","statementMap":{"0":{"start":{"line":12,"column":22},"end":{"line":59,"column":1}},"1":{"start":{"line":13,"column":32},"end":{"line":13,"column":46}},"2":{"start":{"line":15,"column":19},"end":{"line":15,"column":31}},"3":{"start":{"line":17,"column":2},"end":{"line":58,"column":4}}},"fnMap":{"0":{"name":"(anonymous_0)","decl":{"start":{"line":12,"column":22},"end":{"line":12,"column":23}},"loc":{"start":{"line":12,"column":57},"end":{"line":59,"column":1}},"line":12}},"branchMap":{},"s":{"0":4,"1":2,"2":2,"3":2},"f":{"0":2},"b":{},"_coverageSchema":"1a1c01bbd47fc00a2c39e90264f33305004495a9","hash":"bce79f1f0c5681806883c294d8ef5160f04e50e2"},"/Users/ronak.kotak/Documents/RonakKotakProjects/Projects/ReactNativeProjects/DemoProjects/BoilerPlate/NewGitRepoCode/reactnative-boilerplate-typescript/src/screens/Home/Home.tsx":{"path":"/Users/ronak.kotak/Documents/RonakKotakProjects/Projects/ReactNativeProjects/DemoProjects/BoilerPlate/NewGitRepoCode/reactnative-boilerplate-typescript/src/screens/Home/Home.tsx","statementMap":{"0":{"start":{"line":21,"column":13},"end":{"line":109,"column":1}},"1":{"start":{"line":22,"column":24},"end":{"line":22,"column":38}},"2":{"start":{"line":23,"column":24},"end":{"line":23,"column":68}},"3":{"start":{"line":23,"column":52},"end":{"line":23,"column":67}},"4":{"start":{"line":24,"column":19},"end":{"line":24,"column":45}},"5":{"start":{"line":25,"column":21},"end":{"line":25,"column":83}},"6":{"start":{"line":26,"column":2},"end":{"line":26,"column":39}},"7":{"start":{"line":28,"column":2},"end":{"line":45,"column":9}},"8":{"start":{"line":29,"column":4},"end":{"line":29,"column":30}},"9":{"start":{"line":30,"column":4},"end":{"line":30,"column":37}},"10":{"start":{"line":32,"column":4},"end":{"line":44,"column":6}},"11":{"start":{"line":39,"column":8},"end":{"line":39,"column":65}},"12":{"start":{"line":39,"column":39},"end":{"line":39,"column":63}},"13":{"start":{"line":40,"column":8},"end":{"line":42,"column":11}},"14":{"start":{"line":47,"column":22},"end":{"line":53,"column":3}},"15":{"start":{"line":48,"column":4},"end":{"line":51,"column":7}},"16":{"start":{"line":52,"column":4},"end":{"line":52,"column":75}},"17":{"start":{"line":55,"column":51},"end":{"line":77,"column":3}},"18":{"start":{"line":56,"column":4},"end":{"line":76,"column":6}},"19":{"start":{"line":59,"column":23},"end":{"line":59,"column":40}},"20":{"start":{"line":79,"column":32},"end":{"line":81,"column":3}},"21":{"start":{"line":80,"column":4},"end":{"line":80,"column":62}},"22":{"start":{"line":83,"column":26},"end":{"line":89,"column":3}},"23":{"start":{"line":84,"column":4},"end":{"line":88,"column":6}},"24":{"start":{"line":85,"column":39},"end":{"line":85,"column":88}},"25":{"start":{"line":91,"column":2},"end":{"line":108,"column":4}},"26":{"start":{"line":102,"column":41},"end":{"line":102,"column":57}}},"fnMap":{"0":{"name":"(anonymous_0)","decl":{"start":{"line":21,"column":13},"end":{"line":21,"column":14}},"loc":{"start":{"line":21,"column":19},"end":{"line":109,"column":1}},"line":21},"1":{"name":"(anonymous_1)","decl":{"start":{"line":23,"column":41},"end":{"line":23,"column":42}},"loc":{"start":{"line":23,"column":52},"end":{"line":23,"column":67}},"line":23},"2":{"name":"(anonymous_2)","decl":{"start":{"line":28,"column":12},"end":{"line":28,"column":13}},"loc":{"start":{"line":28,"column":18},"end":{"line":45,"column":3}},"line":28},"3":{"name":"(anonymous_3)","decl":{"start":{"line":37,"column":6},"end":{"line":37,"column":7}},"loc":{"start":{"line":37,"column":22},"end":{"line":43,"column":7}},"line":37},"4":{"name":"(anonymous_4)","decl":{"start":{"line":39,"column":26},"end":{"line":39,"column":27}},"loc":{"start":{"line":39,"column":39},"end":{"line":39,"column":63}},"line":39},"5":{"name":"(anonymous_5)","decl":{"start":{"line":47,"column":22},"end":{"line":47,"column":23}},"loc":{"start":{"line":47,"column":40},"end":{"line":53,"column":3}},"line":47},"6":{"name":"(anonymous_6)","decl":{"start":{"line":55,"column":51},"end":{"line":55,"column":52}},"loc":{"start":{"line":55,"column":65},"end":{"line":77,"column":3}},"line":55},"7":{"name":"(anonymous_7)","decl":{"start":{"line":59,"column":17},"end":{"line":59,"column":18}},"loc":{"start":{"line":59,"column":23},"end":{"line":59,"column":40}},"line":59},"8":{"name":"(anonymous_8)","decl":{"start":{"line":79,"column":32},"end":{"line":79,"column":33}},"loc":{"start":{"line":79,"column":38},"end":{"line":81,"column":3}},"line":79},"9":{"name":"(anonymous_9)","decl":{"start":{"line":83,"column":26},"end":{"line":83,"column":27}},"loc":{"start":{"line":83,"column":32},"end":{"line":89,"column":3}},"line":83},"10":{"name":"(anonymous_10)","decl":{"start":{"line":85,"column":33},"end":{"line":85,"column":34}},"loc":{"start":{"line":85,"column":39},"end":{"line":85,"column":88}},"line":85},"11":{"name":"(anonymous_11)","decl":{"start":{"line":102,"column":24},"end":{"line":102,"column":25}},"loc":{"start":{"line":102,"column":41},"end":{"line":102,"column":57}},"line":102}},"branchMap":{"0":{"loc":{"start":{"line":100,"column":16},"end":{"line":100,"column":31}},"type":"binary-expr","locations":[{"start":{"line":100,"column":16},"end":{"line":100,"column":25}},{"start":{"line":100,"column":29},"end":{"line":100,"column":31}}],"line":100}},"s":{"0":4,"1":4,"2":4,"3":0,"4":4,"5":4,"6":4,"7":4,"8":4,"9":4,"10":4,"11":4,"12":4,"13":0,"14":4,"15":1,"16":1,"17":4,"18":4,"19":1,"20":4,"21":0,"22":4,"23":4,"24":0,"25":4,"26":8},"f":{"0":4,"1":0,"2":4,"3":4,"4":4,"5":1,"6":4,"7":1,"8":0,"9":4,"10":0,"11":8},"b":{"0":[4,0]},"_coverageSchema":"1a1c01bbd47fc00a2c39e90264f33305004495a9","hash":"982c25dbb3aa5e0ddcbbae2923ed5a9a826299f6"},"/Users/ronak.kotak/Documents/RonakKotakProjects/Projects/ReactNativeProjects/DemoProjects/BoilerPlate/NewGitRepoCode/reactnative-boilerplate-typescript/src/navigators/HomeTabNavigator.tsx":{"path":"/Users/ronak.kotak/Documents/RonakKotakProjects/Projects/ReactNativeProjects/DemoProjects/BoilerPlate/NewGitRepoCode/reactnative-boilerplate-typescript/src/navigators/HomeTabNavigator.tsx","statementMap":{"0":{"start":{"line":8,"column":25},"end":{"line":24,"column":1}},"1":{"start":{"line":9,"column":14},"end":{"line":9,"column":58}},"2":{"start":{"line":12,"column":2},"end":{"line":23,"column":4}}},"fnMap":{"0":{"name":"(anonymous_0)","decl":{"start":{"line":8,"column":25},"end":{"line":8,"column":26}},"loc":{"start":{"line":8,"column":31},"end":{"line":24,"column":1}},"line":8}},"branchMap":{},"s":{"0":4,"1":0,"2":0},"f":{"0":0},"b":{},"_coverageSchema":"1a1c01bbd47fc00a2c39e90264f33305004495a9","hash":"8f2ad31ac311dc7fc45330574b2e7ded46732093"},"/Users/ronak.kotak/Documents/RonakKotakProjects/Projects/ReactNativeProjects/DemoProjects/BoilerPlate/NewGitRepoCode/reactnative-boilerplate-typescript/src/navigators/MainStackNavigator.tsx":{"path":"/Users/ronak.kotak/Documents/RonakKotakProjects/Projects/ReactNativeProjects/DemoProjects/BoilerPlate/NewGitRepoCode/reactnative-boilerplate-typescript/src/navigators/MainStackNavigator.tsx","statementMap":{"0":{"start":{"line":6,"column":27},"end":{"line":16,"column":1}},"1":{"start":{"line":7,"column":16},"end":{"line":7,"column":44}},"2":{"start":{"line":8,"column":2},"end":{"line":15,"column":4}}},"fnMap":{"0":{"name":"(anonymous_0)","decl":{"start":{"line":6,"column":27},"end":{"line":6,"column":28}},"loc":{"start":{"line":6,"column":33},"end":{"line":16,"column":1}},"line":6}},"branchMap":{},"s":{"0":4,"1":0,"2":0},"f":{"0":0},"b":{},"_coverageSchema":"1a1c01bbd47fc00a2c39e90264f33305004495a9","hash":"73dfd098bf1150442dff1497ed1ad109449e46e8"},"/Users/ronak.kotak/Documents/RonakKotakProjects/Projects/ReactNativeProjects/DemoProjects/BoilerPlate/NewGitRepoCode/reactnative-boilerplate-typescript/src/navigators/RootStackNavigator.tsx":{"path":"/Users/ronak.kotak/Documents/RonakKotakProjects/Projects/ReactNativeProjects/DemoProjects/BoilerPlate/NewGitRepoCode/reactnative-boilerplate-typescript/src/navigators/RootStackNavigator.tsx","statementMap":{"0":{"start":{"line":13,"column":29},"end":{"line":13,"column":59}},"1":{"start":{"line":15,"column":27},"end":{"line":49,"column":1}},"2":{"start":{"line":16,"column":26},"end":{"line":16,"column":64}},"3":{"start":{"line":16,"column":54},"end":{"line":16,"column":63}},"4":{"start":{"line":18,"column":2},"end":{"line":20,"column":9}},"5":{"start":{"line":19,"column":4},"end":{"line":19,"column":21}},"6":{"start":{"line":22,"column":25},"end":{"line":29,"column":3}},"7":{"start":{"line":23,"column":4},"end":{"line":28,"column":5}},"8":{"start":{"line":24,"column":25},"end":{"line":24,"column":92}},"9":{"start":{"line":25,"column":6},"end":{"line":25,"column":73}},"10":{"start":{"line":27,"column":6},"end":{"line":27,"column":75}},"11":{"start":{"line":31,"column":2},"end":{"line":48,"column":4}},"12":{"start":{"line":36,"column":10},"end":{"line":36,"column":42}},"13":{"start":{"line":37,"column":10},"end":{"line":37,"column":75}},"14":{"start":{"line":40,"column":10},"end":{"line":42,"column":13}}},"fnMap":{"0":{"name":"(anonymous_0)","decl":{"start":{"line":15,"column":27},"end":{"line":15,"column":28}},"loc":{"start":{"line":15,"column":33},"end":{"line":49,"column":1}},"line":15},"1":{"name":"(anonymous_1)","decl":{"start":{"line":16,"column":43},"end":{"line":16,"column":44}},"loc":{"start":{"line":16,"column":54},"end":{"line":16,"column":63}},"line":16},"2":{"name":"(anonymous_2)","decl":{"start":{"line":18,"column":12},"end":{"line":18,"column":13}},"loc":{"start":{"line":18,"column":18},"end":{"line":20,"column":3}},"line":18},"3":{"name":"(anonymous_3)","decl":{"start":{"line":22,"column":25},"end":{"line":22,"column":26}},"loc":{"start":{"line":22,"column":37},"end":{"line":29,"column":3}},"line":22},"4":{"name":"(anonymous_4)","decl":{"start":{"line":35,"column":17},"end":{"line":35,"column":18}},"loc":{"start":{"line":35,"column":23},"end":{"line":38,"column":9}},"line":35},"5":{"name":"(anonymous_5)","decl":{"start":{"line":39,"column":23},"end":{"line":39,"column":24}},"loc":{"start":{"line":39,"column":35},"end":{"line":43,"column":9}},"line":39}},"branchMap":{"0":{"loc":{"start":{"line":45,"column":9},"end":{"line":45,"column":70}},"type":"cond-expr","locations":[{"start":{"line":45,"column":23},"end":{"line":45,"column":45}},{"start":{"line":45,"column":48},"end":{"line":45,"column":70}}],"line":45}},"s":{"0":4,"1":4,"2":0,"3":0,"4":0,"5":0,"6":0,"7":0,"8":0,"9":0,"10":0,"11":0,"12":0,"13":0,"14":0},"f":{"0":0,"1":0,"2":0,"3":0,"4":0,"5":0},"b":{"0":[0,0]},"_coverageSchema":"1a1c01bbd47fc00a2c39e90264f33305004495a9","hash":"2d08c74d3074fa03b1109d5c3767ae3b034f6223"},"/Users/ronak.kotak/Documents/RonakKotakProjects/Projects/ReactNativeProjects/DemoProjects/BoilerPlate/NewGitRepoCode/reactnative-boilerplate-typescript/src/navigators/NavigationService.ts":{"path":"/Users/ronak.kotak/Documents/RonakKotakProjects/Projects/ReactNativeProjects/DemoProjects/BoilerPlate/NewGitRepoCode/reactnative-boilerplate-typescript/src/navigators/NavigationService.ts","statementMap":{"0":{"start":{"line":16,"column":54},"end":{"line":50,"column":1}},"1":{"start":{"line":18,"column":4},"end":{"line":18,"column":79}},"2":{"start":{"line":21,"column":4},"end":{"line":21,"column":101}},"3":{"start":{"line":24,"column":4},"end":{"line":24,"column":60}},"4":{"start":{"line":27,"column":4},"end":{"line":33,"column":8}},"5":{"start":{"line":36,"column":4},"end":{"line":40,"column":5}},"6":{"start":{"line":37,"column":6},"end":{"line":37,"column":87}},"7":{"start":{"line":39,"column":6},"end":{"line":39,"column":87}},"8":{"start":{"line":43,"column":4},"end":{"line":43,"column":98}},"9":{"start":{"line":46,"column":20},"end":{"line":46,"column":41}},"10":{"start":{"line":47,"column":23},"end":{"line":47,"column":51}},"11":{"start":{"line":48,"column":4},"end":{"line":48,"column":24}}},"fnMap":{"0":{"name":"(anonymous_0)","decl":{"start":{"line":17,"column":12},"end":{"line":17,"column":13}},"loc":{"start":{"line":17,"column":58},"end":{"line":19,"column":3}},"line":17},"1":{"name":"(anonymous_1)","decl":{"start":{"line":20,"column":11},"end":{"line":20,"column":12}},"loc":{"start":{"line":20,"column":57},"end":{"line":22,"column":3}},"line":20},"2":{"name":"(anonymous_2)","decl":{"start":{"line":23,"column":10},"end":{"line":23,"column":11}},"loc":{"start":{"line":23,"column":22},"end":{"line":25,"column":3}},"line":23},"3":{"name":"(anonymous_3)","decl":{"start":{"line":26,"column":9},"end":{"line":26,"column":10}},"loc":{"start":{"line":26,"column":55},"end":{"line":34,"column":3}},"line":26},"4":{"name":"(anonymous_4)","decl":{"start":{"line":35,"column":12},"end":{"line":35,"column":13}},"loc":{"start":{"line":35,"column":38},"end":{"line":41,"column":3}},"line":35},"5":{"name":"(anonymous_5)","decl":{"start":{"line":42,"column":10},"end":{"line":42,"column":11}},"loc":{"start":{"line":42,"column":56},"end":{"line":44,"column":3}},"line":42},"6":{"name":"(anonymous_6)","decl":{"start":{"line":45,"column":19},"end":{"line":45,"column":20}},"loc":{"start":{"line":45,"column":52},"end":{"line":49,"column":3}},"line":45}},"branchMap":{"0":{"loc":{"start":{"line":18,"column":4},"end":{"line":18,"column":78}},"type":"binary-expr","locations":[{"start":{"line":18,"column":4},"end":{"line":18,"column":25}},{"start":{"line":18,"column":29},"end":{"line":18,"column":78}}],"line":18},"1":{"loc":{"start":{"line":21,"column":4},"end":{"line":21,"column":100}},"type":"binary-expr","locations":[{"start":{"line":21,"column":4},"end":{"line":21,"column":25}},{"start":{"line":21,"column":29},"end":{"line":21,"column":100}}],"line":21},"2":{"loc":{"start":{"line":24,"column":4},"end":{"line":24,"column":59}},"type":"binary-expr","locations":[{"start":{"line":24,"column":4},"end":{"line":24,"column":25}},{"start":{"line":24,"column":29},"end":{"line":24,"column":59}}],"line":24},"3":{"loc":{"start":{"line":27,"column":4},"end":{"line":33,"column":7}},"type":"binary-expr","locations":[{"start":{"line":27,"column":4},"end":{"line":27,"column":25}},{"start":{"line":28,"column":6},"end":{"line":33,"column":7}}],"line":27},"4":{"loc":{"start":{"line":36,"column":4},"end":{"line":40,"column":5}},"type":"if","locations":[{"start":{"line":36,"column":4},"end":{"line":40,"column":5}},{"start":{"line":38,"column":11},"end":{"line":40,"column":5}}],"line":36},"5":{"loc":{"start":{"line":37,"column":6},"end":{"line":37,"column":86}},"type":"binary-expr","locations":[{"start":{"line":37,"column":6},"end":{"line":37,"column":27}},{"start":{"line":37,"column":31},"end":{"line":37,"column":86}}],"line":37},"6":{"loc":{"start":{"line":39,"column":6},"end":{"line":39,"column":86}},"type":"binary-expr","locations":[{"start":{"line":39,"column":6},"end":{"line":39,"column":27}},{"start":{"line":39,"column":31},"end":{"line":39,"column":86}}],"line":39},"7":{"loc":{"start":{"line":43,"column":4},"end":{"line":43,"column":97}},"type":"binary-expr","locations":[{"start":{"line":43,"column":4},"end":{"line":43,"column":25}},{"start":{"line":43,"
[...]
31}},"loc":{"start":{"line":342,"column":43},"end":{"line":344,"column":5}},"line":342},"5":{"name":"(anonymous_5)","decl":{"start":{"line":355,"column":2},"end":{"line":355,"column":3}},"loc":{"start":{"line":355,"column":59},"end":{"line":384,"column":3}},"line":355},"6":{"name":"(anonymous_6)","decl":{"start":{"line":373,"column":23},"end":{"line":373,"column":24}},"loc":{"start":{"line":373,"column":33},"end":{"line":373,"column":57}},"line":373},"7":{"name":"(anonymous_7)","decl":{"start":{"line":392,"column":2},"end":{"line":392,"column":3}},"loc":{"start":{"line":392,"column":75},"end":{"line":416,"column":3}},"line":392},"8":{"name":"(anonymous_8)","decl":{"start":{"line":395,"column":29},"end":{"line":395,"column":30}},"loc":{"start":{"line":395,"column":38},"end":{"line":413,"column":5}},"line":395},"9":{"name":"(anonymous_9)","decl":{"start":{"line":424,"column":2},"end":{"line":424,"column":3}},"loc":{"start":{"line":424,"column":43},"end":{"line":426,"column":3}},"line":424},"10":{"name":"(anonymous_10)","decl":{"start":{"line":425,"column":44},"end":{"line":425,"column":45}},"loc":{"start":{"line":425,"column":55},"end":{"line":425,"column":74}},"line":425},"11":{"name":"(anonymous_11)","decl":{"start":{"line":438,"column":2},"end":{"line":438,"column":3}},"loc":{"start":{"line":438,"column":34},"end":{"line":440,"column":3}},"line":438},"12":{"name":"(anonymous_12)","decl":{"start":{"line":450,"column":2},"end":{"line":450,"column":3}},"loc":{"start":{"line":450,"column":104},"end":{"line":464,"column":3}},"line":450},"13":{"name":"(anonymous_13)","decl":{"start":{"line":476,"column":2},"end":{"line":476,"column":3}},"loc":{"start":{"line":476,"column":62},"end":{"line":496,"column":3}},"line":476},"14":{"name":"(anonymous_14)","decl":{"start":{"line":502,"column":2},"end":{"line":502,"column":3}},"loc":{"start":{"line":502,"column":48},"end":{"line":554,"column":3}},"line":502},"15":{"name":"(anonymous_15)","decl":{"start":{"line":506,"column":37},"end":{"line":506,"column":38}},"loc":{"start":{"line":506,"column":46},"end":{"line":506,"column":77}},"line":506},"16":{"name":"(anonymous_16)","decl":{"start":{"line":506,"column":84},"end":{"line":506,"column":85}},"loc":{"start":{"line":506,"column":94},"end":{"line":506,"column":112}},"line":506},"17":{"name":"(anonymous_17)","decl":{"start":{"line":531,"column":43},"end":{"line":531,"column":44}},"loc":{"start":{"line":531,"column":52},"end":{"line":531,"column":79}},"line":531},"18":{"name":"(anonymous_18)","decl":{"start":{"line":539,"column":27},"end":{"line":539,"column":28}},"loc":{"start":{"line":539,"column":36},"end":{"line":539,"column":72}},"line":539},"19":{"name":"(anonymous_19)","decl":{"start":{"line":565,"column":2},"end":{"line":565,"column":3}},"loc":{"start":{"line":565,"column":57},"end":{"line":596,"column":3}},"line":565},"20":{"name":"(anonymous_20)","decl":{"start":{"line":609,"column":2},"end":{"line":609,"column":3}},"loc":{"start":{"line":609,"column":81},"end":{"line":612,"column":3}},"line":609},"21":{"name":"(anonymous_21)","decl":{"start":{"line":621,"column":2},"end":{"line":621,"column":3}},"loc":{"start":{"line":621,"column":80},"end":{"line":624,"column":3}},"line":621},"22":{"name":"(anonymous_22)","decl":{"start":{"line":633,"column":2},"end":{"line":633,"column":3}},"loc":{"start":{"line":633,"column":80},"end":{"line":636,"column":3}},"line":633},"23":{"name":"(anonymous_23)","decl":{"start":{"line":645,"column":2},"end":{"line":645,"column":3}},"loc":{"start":{"line":645,"column":81},"end":{"line":650,"column":3}},"line":645},"24":{"name":"(anonymous_24)","decl":{"start":{"line":662,"column":2},"end":{"line":662,"column":3}},"loc":{"start":{"line":662,"column":63},"end":{"line":696,"column":3}},"line":662},"25":{"name":"(anonymous_25)","decl":{"start":{"line":666,"column":16},"end":{"line":666,"column":17}},"loc":{"start":{"line":666,"column":25},"end":{"line":666,"column":56}},"line":666},"26":{"name":"(anonymous_26)","decl":{"start":{"line":667,"column":14},"end":{"line":667,"column":15}},"loc":{"start":{"line":667,"column":24},"end":{"line":667,"column":42}},"line":667},"27":{"name":"(anonymous_27)","decl":{"start":{"line":689,"column":23},"end":{"line":689,"column":24}},"loc":{"start":{"line":689,"column":33},"end":{"line":689,"column":98}},"line":689},"28":{"name":"(anonymous_28)","decl":{"start":{"line":705,"column":2},"end":{"line":705,"column":3}},"loc":{"start":{"line":705,"column":81},"end":{"line":708,"column":3}},"line":705},"29":{"name":"(anonymous_29)","decl":{"start":{"line":707,"column":26},"end":{"line":707,"column":27}},"loc":{"start":{"line":707,"column":35},"end":{"line":707,"column":54}},"line":707},"30":{"name":"(anonymous_30)","decl":{"start":{"line":717,"column":2},"end":{"line":717,"column":3}},"loc":{"start":{"line":717,"column":80},"end":{"line":723,"column":3}},"line":717},"31":{"name":"(anonymous_31)","decl":{"start":{"line":719,"column":26},"end":{"line":719,"column":27}},"loc":{"start":{"line":719,"column":35},"end":{"line":722,"column":5}},"line":719},"32":{"name":"(anonymous_32)","decl":{"start":{"line":733,"column":2},"end":{"line":733,"column":3}},"loc":{"start":{"line":733,"column":38},"end":{"line":752,"column":3}},"line":733},"33":{"name":"(anonymous_33)","decl":{"start":{"line":736,"column":37},"end":{"line":736,"column":38}},"loc":{"start":{"line":736,"column":46},"end":{"line":736,"column":77}},"line":736},"34":{"name":"(anonymous_34)","decl":{"start":{"line":739,"column":22},"end":{"line":739,"column":23}},"loc":{"start":{"line":739,"column":31},"end":{"line":739,"column":67}},"line":739},"35":{"name":"(anonymous_35)","decl":{"start":{"line":760,"column":2},"end":{"line":760,"column":3}},"loc":{"start":{"line":760,"column":41},"end":{"line":788,"column":3}},"line":760},"36":{"name":"(anonymous_36)","decl":{"start":{"line":766,"column":32},"end":{"line":766,"column":33}},"loc":{"start":{"line":766,"column":41},"end":{"line":766,"column":71}},"line":766},"37":{"name":"(anonymous_37)","decl":{"start":{"line":767,"column":31},"end":{"line":767,"column":32}},"loc":{"start":{"line":767,"column":40},"end":{"line":767,"column":69}},"line":767},"38":{"name":"(anonymous_38)","decl":{"start":{"line":768,"column":31},"end":{"line":768,"column":32}},"loc":{"start":{"line":768,"column":40},"end":{"line":768,"column":69}},"line":768},"39":{"name":"(anonymous_39)","decl":{"start":{"line":769,"column":32},"end":{"line":769,"column":33}},"loc":{"start":{"line":769,"column":41},"end":{"line":769,"column":71}},"line":769},"40":{"name":"(anonymous_40)","decl":{"start":{"line":797,"column":2},"end":{"line":797,"column":3}},"loc":{"start":{"line":797,"column":38},"end":{"line":811,"column":3}},"line":797},"41":{"name":"(anonymous_41)","decl":{"start":{"line":835,"column":25},"end":{"line":835,"column":26}},"loc":{"start":{"line":835,"column":52},"end":{"line":854,"column":1}},"line":835}},"branchMap":{"0":{"loc":{"start":{"line":281,"column":4},"end":{"line":283,"column":5}},"type":"if","locations":[{"start":{"line":281,"column":4},"end":{"line":283,"column":5}},{"start":{},"end":{}}],"line":281},"1":{"loc":{"start":{"line":301,"column":6},"end":{"line":303,"column":7}},"type":"if","locations":[{"start":{"line":301,"column":6},"end":{"line":303,"column":7}},{"start":{},"end":{}}],"line":301},"2":{"loc":{"start":{"line":312,"column":6},"end":{"line":314,"column":7}},"type":"if","locations":[{"start":{"line":312,"column":6},"end":{"line":314,"column":7}},{"start":{},"end":{}}],"line":312},"3":{"loc":{"start":{"line":357,"column":4},"end":{"line":359,"column":5}},"type":"if","locations":[{"start":{"line":357,"column":4},"end":{"line":359,"column":5}},{"start":{},"end":{}}],"line":357},"4":{"loc":{"start":{"line":357,"column":8},"end":{"line":357,"column":45}},"type":"binary-expr","locations":[{"start":{"line":357,"column":8},"end":{"line":357,"column":22}},{"start":{"line":357,"column":26},"end":{"line":357,"column":45}}],"line":357},"5":{"loc":{"start":{"line":362,"column":4},"end":{"line":364,"column":5}},"type":"if","locations":[{"start":{"line":362,"column":4},"end":{"line":364,"column":5}},{"start":{},"end":{}}],"line":362},"6":{"loc":{"start":{"line":367,"column":4},"end":{"line":369,"column":5}},"type":"if","locations":[{"start":{"line":367,"column":4},"end":{"line":369,"column":5}},{"start":{},"end":{}}],"line":367},"7":{"loc":{"start":{"line":367,"column":8},"end":{"line":367,"column":63}},"type":"binary-expr","locations":[{"start":{"line":367,"column":8},"end":{"line":367,"column":33}},{"start":{"line":367,"column":37},"end":{"line":367,"column":63}}],"line":367},"8":{"loc":{"start":{"line":372,"column":4},"end":{"line":374,"column":5}},"type":"if","locations":[{"start":{"line":372,"column":4},"end":{"line":374,"column":5}},{"start":{},"end":{}}],"line":372},"9":{"loc":{"start":{"line":377,"column":4},"end":{"line":379,"column":5}},"type":"if","locations":[{"start":{"line":377,"column":4},"end":{"line":379,"column":5}},{"start":{},"end":{}}],"line":377},"10":{"loc":{"start":{"line":399,"column":6},"end":{"line":403,"column":7}},"type":"if","locations":[{"start":{"line":399,"column":6},"end":{"line":403,"column":7}},{"start":{},"end":{}}],"line":399},"11":{"loc":{"start":{"line":406,"column":6},"end":{"line":409,"column":7}},"type":"if","locations":[{"start":{"line":406,"column":6},"end":{"line":409,"column":7}},{"start":{},"end":{}}],"line":406},"12":{"loc":{"start":{"line":456,"column":15},"end":{"line":456,"column":65}},"type":"cond-expr","locations":[{"start":{"line":456,"column":25},"end":{"line":456,"column":53}},{"start":{"line":456,"column":56},"end":{"line":456,"column":65}}],"line":456},"13":{"loc":{"start":{"line":483,"column":29},"end":{"line":483,"column":96}},"type":"binary-expr","locations":[{"start":{"line":483,"column":30},"end":{"line":483,"column":90}},{"start":{"line":483,"column":95},"end":{"line":483,"column":96}}],"line":483},"14":{"loc":{"start":{"line":487,"column":6},"end":{"line":489,"column":7}},"type":"if","locations":[{"start":{"line":487,"column":6},"end":{"line":489,"column":7}},{"start":{},"end":{}}],"line":487},"15":{"loc":{"start":{"line":492,"column":6},"end":{"line":494,"column":7}},"type":"if","locations":[{"start":{"line":492,"column":6},"end":{"line":494,"column":7}},{"start":{},"end":{}}],"line":492},"16":{"loc":{"start":{"line":518,"column":10},"end":{"line":520,"column":11}},"type":"if","locations":[{"start":{"line":518,"column":10},"end":{"line":520,"column":11}},{"start":{},"end":{}}],"line":518},"17":{"loc":{"start":{"line":518,"column":14},"end":{"line":518,"column":67}},"type":"binary-expr","locations":[{"start":{"line":518,"column":14},"end":{"line":518,"column":22}},{"start":{"line":518,"column":26},"end":{"line":518,"column":67}}],"line":518},"18":{"loc":{"start":{"line":524,"column":10},"end":{"line":526,"column":11}},"type":"if","locations":[{"start":{"line":524,"column":10},"end":{"line":526,"column":11}},{"start":{},"end":{}}],"line":524},"19":{"loc":{"start":{"line":532,"column":6},"end":{"line":536,"column":7}},"type":"if","locations":[{"start":{"line":532,"column":6},"end":{"line":536,"column":7}},{"start":{},"end":{}}],"line":532},"20":{"loc":{"start":{"line":546,"column":6},"end":{"line":548,"column":7}},"type":"if","locations":[{"start":{"line":546,"column":6},"end":{"line":548,"column":7}},{"start":{},"end":{}}],"line":546},"21":{"loc":{"start":{"line":546,"column":10},"end":{"line":546,"column":55}},"type":"binary-expr","locations":[{"start":{"line":546,"column":10},"end":{"line":546,"column":28}},{"start":{"line":546,"column":32},"end":{"line":546,"column":55}}],"line":546},"22":{"loc":{"start":{"line":550,"column":6},"end":{"line":552,"column":7}},"type":"if","locations":[{"start":{"line":550,"column":6},"end":{"line":552,"column":7}},{"start":{},"end":{}}],"line":550},"23":{"loc":{"start":{"line":570,"column":4},"end":{"line":595,"column":5}},"type":"if","locations":[{"start":{"line":570,"column":4},"end":{"line":595,"column":5}},{"start":{},"end":{}}],"line":570},"24":{"loc":{"start":{"line":574,"column":6},"end":{"line":594,"column":7}},"type":"switch","locations":[{"start":{"line":575,"column":8},"end":{"line":579,"column":16}},{"start":{"line":580,"column":8},"end":{"line":584,"column":16}},{"start":{"line":585,"column":8},"end":{"line":590,"column":16}},{"start":{"line":591,"column":8},"end":{"line":591,"column":29}},{"start":{"line":592,"column":8},"end":{"line":593,"column":83}}],"line":574},"25":{"loc":{"start":{"line":576,"column":34},"end":{"line":576,"column":81}},"type":"binary-expr","locations":[{"start":{"line":576,"column":34},"end":{"line":576,"column":75}},{"start":{"line":576,"column":79},"end":{"line":576,"column":81}}],"line":576},"26":{"loc":{"start":{"line":581,"column":34},"end":{"line":581,"column":81}},"type":"binary-expr","locations":[{"start":{"line":581,"column":34},"end":{"line":581,"column":75}},{"start":{"line":581,"column":79},"end":{"line":581,"column":81}}],"line":581},"27":{"loc":{"start":{"line":587,"column":10},"end":{"line":589,"column":11}},"type":"if","locations":[{"start":{"line":587,"column":10},"end":{"line":589,"column":11}},{"start":{},"end":{}}],"line":587},"28":{"loc":{"start":{"line":588,"column":36},"end":{"line":588,"column":83}},"type":"binary-expr","locations":[{"start":{"line":588,"column":36},"end":{"line":588,"column":77}},{"start":{"line":588,"column":81},"end":{"line":588,"column":83}}],"line":588},"29":{"loc":{"start":{"line":593,"column":34},"end":{"line":593,"column":81}},"type":"binary-expr","locations":[{"start":{"line":593,"column":34},"end":{"line":593,"column":75}},{"start":{"line":593,"column":79},"end":{"line":593,"column":81}}],"line":593},"30":{"loc":{"start":{"line":646,"column":4},"end":{"line":649,"column":5}},"type":"if","locations":[{"start":{"line":646,"column":4},"end":{"line":649,"column":5}},{"start":{},"end":{}}],"line":646},"31":{"loc":{"start":{"line":662,"column":22},"end":{"line":662,"column":40}},"type":"default-arg","locations":[{"start":{"line":662,"column":38},"end":{"line":662,"column":40}}],"line":662},"32":{"loc":{"start":{"line":676,"column":10},"end":{"line":678,"column":11}},"type":"if","locations":[{"start":{"line":676,"column":10},"end":{"line":678,"column":11}},{"start":{},"end":{}}],"line":676},"33":{"loc":{"start":{"line":681,"column":10},"end":{"line":683,"column":11}},"type":"if","locations":[{"start":{"line":681,"column":10},"end":{"line":683,"column":11}},{"start":{},"end":{}}],"line":681},"34":{"loc":{"start":{"line":691,"column":6},"end":{"line":693,"column":7}},"type":"if","locations":[{"start":{"line":691,"column":6},"end":{"line":693,"column":7}},{"start":{},"end":{}}],"line":691},"35":{"loc":{"start":{"line":705,"column":40},"end":{"line":705,"column":58}},"type":"default-arg","locations":[{"start":{"line":705,"column":56},"end":{"line":705,"column":58}}],"line":705},"36":{"loc":{"start":{"line":721,"column":13},"end":{"line":721,"column":55}},"type":"binary-expr","locations":[{"start":{"line":721,"column":13},"end":{"line":721,"column":33}},{"start":{"line":721,"column":37},"end":{"line":721,"column":55}}],"line":721},"37":{"loc":{"start":{"line":744,"column":6},"end":{"line":746,"column":7}},"type":"if","locations":[{"start":{"line":744,"column":6},"end":{"line":746,"column":7}},{"start":{},"end":{}}],"line":744},"38":{"loc":{"start":{"line":748,"column":6},"end":{"line":750,"column":7}},"type":"if","locations":[{"start":{"line":748,"column":6},"end":{"line":750,"column":7}},{"start":{},"end":{}}],"line":748},"39":{"loc":{"start":{"line":770,"column":19},"end":{"line":770,"column":80}},"type":"cond-expr","locations":[{"start":{"line":770,"column":37},"end":{"line":770,"column":68}},{"start":{"line":770,"column":71},"end":{"line":770,"column":80}}],"line":770},"40":{"loc":{"start":{"line":771,"column":19},"end":{"line":771,"column":66}},"type":"cond-expr","locations":[{"start":{"line":771,"column":37},"end":{"line":771,"column":54}},{"start":{"line":771,"column":57},"end":{"line":771,"column":66}}],"line":771},"41":{"loc":{"start":{"line":776,"column":6},"end":{"line":778,"column":7}},"type":"if","locations":[{"start":{"line":776,"column":6},"end":{"line":778,"column":7}},{"start":{},"end":{}}],"line":776},"42":{"loc":{"start":{"line":839,"column":2},"end":{"line":853,"column":3}},"type":"if","locations":[{"start":{"line":839,"column":2},"end":{"line":853,"column":3}},{"start":{"line":846,"column":9},"end":{"line":853,"column":3}}],"line":839}},"s":{"0":0,"1":0,"2":0,"3":0,"4":0,"5":0,"6":0,"7":0,"8":0,"9":0,"10":0,"11":0,"12":0,"13":0,"14":0,"15":0,"16":0,"17":0,"18":0,"19":0,"20":0,"21":0,"22":0,"23":0,"24":0,"25":0,"26":0,"27":0,"28":0,"29":0,"30":0,"31":0,"32":0,"33":0,"34":0,"35":0,"36":0,"37":0,"38":0,"39":0,"40":0,"41":0,"42":0,"43":0,"44":0,"45":0,"46":0,"47":0,"48":0,"49":0,"50":0,"51":0,"52":0,"53":0,"54":0,"55":0,"56":0,"57":0,"58":0,"59":0,"60":0,"61":0,"62":0,"63":0,"64":0,"65":0,"66":0,"67":0,"68":0,"69":0,"70":0,"71":0,"72":0,"73":0,"74":0,"75":0,"76":0,"77":0,"78":0,"79":0,"80":0,"81":0,"82":0,"83":0,"84":0,"85":0,"86":0,"87":0,"88":0,"89":0,"90":0,"91":0,"92":0,"93":0,"94":0,"95":0,"96":0,"97":0,"98":0,"99":0,"100":0,"101":0,"102":0,"103":0,"104":0,"105":0,"106":0,"107":0,"108":0,"109":0,"110":0,"111":0,"112":0,"113":0,"114":0,"115":0,"116":0,"117":0,"118":0,"119":0,"120":0,"121":0,"122":0,"123":0,"124":0,"125":0,"126":0,"127":0,"128":0,"129":0,"130":0,"131":0,"132":0,"133":0,"134":0,"135":0,"136":0,"137":0,"138":0,"139":0,"140":0,"141":0,"142":0,"143":0,"144":0,"145":0,"146":0,"147":0,"148":0,"149":0,"150":0,"151":0,"152":0,"153":0,"154":0,"155":0,"156":0,"157":0,"158":0,"159":0,"160":0,"161":0,"162":0,"163":0,"164":0,"165":0,"166":0,"167":0,"168":0,"169":0,"170":0},"f":{"0":0,"1":0,"2":0,"3":0,"4":0,"5":0,"6":0,"7":0,"8":0,"9":0,"10":0,"11":0,"12":0,"13":0,"14":0,"15":0,"16":0,"17":0,"18":0,"19":0,"20":0,"21":0,"22":0,"23":0,"24":0,"25":0,"26":0,"27":0,"28":0,"29":0,"30":0,"31":0,"32":0,"33":0,"34":0,"35":0,"36":0,"37":0,"38":0,"39":0,"40":0,"41":0},"b":{"0":[0,0],"1":[0,0],"2":[0,0],"3":[0,0],"4":[0,0],"5":[0,0],"6":[0,0],"7":[0,0],"8":[0,0],"9":[0,0],"10":[0,0],"11":[0,0],"12":[0,0],"13":[0,0],"14":[0,0],"15":[0,0],"16":[0,0],"17":[0,0],"18":[0,0],"19":[0,0],"20":[0,0],"21":[0,0],"22":[0,0],"23":[0,0],"24":[0,0,0,0,0],"25":[0,0],"26":[0,0],"27":[0,0],"28":[0,0],"29":[0,0],"30":[0,0],"31":[0],"32":[0,0],"33":[0,0],"34":[0,0],"35":[0],"36":[0,0],"37":[0,0],"38":[0,0],"39":[0,0],"40":[0,0],"41":[0,0],"42":[0,0]}},"/Users/ronak.kotak/Documents/RonakKotakProjects/Projects/ReactNativeProjects/DemoProjects/BoilerPlate/NewGitRepoCode/reactnative-boilerplate-typescript/src/hooks/useTypedSelector.ts":{"path":"/Users/ronak.kotak/Documents/RonakKotakProjects/Projects/ReactNativeProjects/DemoProjects/BoilerPlate/NewGitRepoCode/reactnative-boilerplate-typescript/src/hooks/useTypedSelector.ts","statementMap":{"0":{"start":{"line":4,"column":63},"end":{"line":4,"column":74}}},"fnMap":{},"branchMap":{},"s":{"0":0},"f":{},"b":{}},"/Users/ronak.kotak/Documents/RonakKotakProjects/Projects/ReactNativeProjects/DemoProjects/BoilerPlate/NewGitRepoCode/reactnative-boilerplate-typescript/src/hocs/Loader.tsx":{"path":"/Users/ronak.kotak/Documents/RonakKotakProjects/Projects/ReactNativeProjects/DemoProjects/BoilerPlate/NewGitRepoCode/reactnative-boilerplate-typescript/src/hocs/Loader.tsx","statementMap":{"0":{"start":{"line":10,"column":15},"end":{"line":21,"column":1}},"1":{"start":{"line":11,"column":14},"end":{"line":11,"column":30}},"2":{"start":{"line":12,"column":2},"end":{"line":20,"column":4}},"3":{"start":{"line":23,"column":15},"end":{"line":38,"column":2}}},"fnMap":{"0":{"name":"(anonymous_0)","decl":{"start":{"line":10,"column":15},"end":{"line":10,"column":16}},"loc":{"start":{"line":10,"column":41},"end":{"line":21,"column":1}},"line":10}},"branchMap":{},"s":{"0":0,"1":0,"2":0,"3":0},"f":{"0":0},"b":{}}}}
